2025-08-19 11:52:25 [INFO] Connexion au broker MQTT... {"url":"wss://test.mosquitto.org:8081/mqtt","clientId":"ktur_listener_09ec83","role":"listener"}
2025-08-19 11:52:26 [INFO] Connexion au broker MQTT... {"url":"wss://test.mosquitto.org:8081/mqtt","clientId":"ktur_publisher_344c31","role":"publisher"}
2025-08-19 11:52:26 [INFO] Serveur en écoute sur le port 3000 
2025-08-19 11:52:27 [INFO] Connecté à Redis 
2025-08-19 11:52:27 [ERROR] MQTT Publisher err: 
2025-08-19 11:52:27 [ERROR] MQTT Listener err: 
2025-08-19 11:52:27 [WARN] MQTT Listener hors ligne 
2025-08-19 11:52:27 [INFO] MQTT Listener fermé 
2025-08-19 11:52:27 [WARN] MQTT Publisher hors ligne 
2025-08-19 11:52:27 [INFO] MQTT Publisher fermé 
2025-08-19 11:52:34 [ERROR] MQTT Publisher err: 
2025-08-19 11:52:34 [INFO] MQTT Publisher fermé 
2025-08-19 11:52:34 [ERROR] MQTT Listener err: 
2025-08-19 11:52:34 [INFO] MQTT Listener fermé 
2025-08-19 11:52:40 [ERROR] MQTT Publisher err: 
2025-08-19 11:52:40 [ERROR] MQTT Listener err: 
2025-08-19 11:52:40 [INFO] MQTT Publisher fermé 
2025-08-19 11:52:40 [INFO] MQTT Listener fermé 
2025-08-19 11:52:46 [ERROR] MQTT Publisher err: 
2025-08-19 11:52:46 [ERROR] MQTT Listener err: 
2025-08-19 11:52:46 [INFO] MQTT Publisher fermé 
2025-08-19 11:52:46 [INFO] MQTT Listener fermé 
2025-08-19 11:52:52 [ERROR] MQTT Listener err: 
2025-08-19 11:52:52 [INFO] MQTT Listener fermé 
2025-08-19 11:52:52 [ERROR] MQTT Publisher err: 
2025-08-19 11:52:52 [INFO] MQTT Publisher fermé 
2025-08-19 11:52:59 [ERROR] MQTT Publisher err: 
2025-08-19 11:52:59 [INFO] MQTT Publisher fermé 
2025-08-19 11:53:00 [ERROR] MQTT Listener err: 
2025-08-19 11:53:00 [INFO] MQTT Listener fermé 
2025-08-19 11:53:05 [ERROR] MQTT Publisher err: 
2025-08-19 11:53:05 [INFO] MQTT Publisher fermé 
2025-08-19 11:53:06 [ERROR] MQTT Listener err: 
2025-08-19 11:53:06 [INFO] MQTT Listener fermé 
2025-08-19 11:53:11 [ERROR] MQTT Publisher err: 
2025-08-19 11:53:11 [INFO] MQTT Publisher fermé 
2025-08-19 11:53:12 [ERROR] MQTT Listener err: 
2025-08-19 11:53:12 [INFO] MQTT Listener fermé 
2025-08-19 11:53:18 [ERROR] MQTT Publisher err: 
2025-08-19 11:53:18 [INFO] MQTT Publisher fermé 
2025-08-19 11:53:19 [ERROR] MQTT Listener err: 
2025-08-19 11:53:19 [INFO] MQTT Listener fermé 
2025-08-19 11:53:24 [ERROR] MQTT Publisher err: 
2025-08-19 11:53:24 [INFO] MQTT Publisher fermé 
2025-08-19 11:53:25 [ERROR] MQTT Listener err: 
2025-08-19 11:53:25 [INFO] MQTT Listener fermé 
2025-08-19 11:53:30 [ERROR] MQTT Publisher err: 
2025-08-19 11:53:30 [INFO] MQTT Publisher fermé 
2025-08-19 11:53:31 [ERROR] MQTT Listener err: 
2025-08-19 11:53:31 [INFO] MQTT Listener fermé 
2025-08-19 11:53:37 [ERROR] MQTT Publisher err: 
2025-08-19 11:53:37 [INFO] MQTT Publisher fermé 
2025-08-19 11:53:37 [ERROR] MQTT Listener err: 
2025-08-19 11:53:37 [INFO] MQTT Listener fermé 
2025-08-19 11:53:43 [ERROR] MQTT Publisher err: 
2025-08-19 11:53:43 [INFO] MQTT Publisher fermé 
2025-08-19 11:53:44 [ERROR] MQTT Listener err: 
2025-08-19 11:53:44 [INFO] MQTT Listener fermé 
2025-08-19 11:53:49 [ERROR] MQTT Publisher err: 
2025-08-19 11:53:49 [INFO] MQTT Publisher fermé 
2025-08-19 11:53:50 [ERROR] MQTT Listener err: 
2025-08-19 11:53:50 [INFO] MQTT Listener fermé 
2025-08-19 11:53:55 [ERROR] MQTT Publisher err: 
2025-08-19 11:53:55 [INFO] MQTT Publisher fermé 
2025-08-19 11:54:00 [ERROR] MQTT Listener err: 
2025-08-19 11:54:00 [INFO] MQTT Listener fermé 
2025-08-19 11:54:01 [ERROR] MQTT Publisher err: 
2025-08-19 11:54:01 [INFO] MQTT Publisher fermé 
2025-08-19 11:54:07 [ERROR] MQTT Listener err: 
2025-08-19 11:54:07 [INFO] MQTT Listener fermé 
2025-08-19 11:54:08 [ERROR] MQTT Publisher err: 
2025-08-19 11:54:08 [INFO] MQTT Publisher fermé 
2025-08-19 11:54:13 [ERROR] MQTT Listener err: 
2025-08-19 11:54:13 [INFO] MQTT Listener fermé 
2025-08-19 11:54:14 [ERROR] MQTT Publisher err: 
2025-08-19 11:54:14 [INFO] MQTT Publisher fermé 
2025-08-19 11:54:19 [ERROR] MQTT Listener err: 
2025-08-19 11:54:19 [INFO] MQTT Listener fermé 
2025-08-19 11:54:21 [ERROR] MQTT Publisher err: 
2025-08-19 11:54:21 [INFO] MQTT Publisher fermé 
2025-08-19 11:54:26 [ERROR] MQTT Listener err: 
2025-08-19 11:54:26 [INFO] MQTT Listener fermé 
2025-08-19 11:54:27 [ERROR] MQTT Publisher err: 
2025-08-19 11:54:27 [INFO] MQTT Publisher fermé 
2025-08-19 11:54:32 [ERROR] MQTT Listener err: 
2025-08-19 11:54:32 [INFO] MQTT Listener fermé 
2025-08-19 11:54:33 [ERROR] MQTT Publisher err: 
2025-08-19 11:54:33 [INFO] MQTT Publisher fermé 
2025-08-19 11:54:40 [ERROR] MQTT Publisher err: 
2025-08-19 11:54:40 [INFO] MQTT Publisher fermé 
2025-08-19 11:54:40 [ERROR] MQTT Listener err: 
2025-08-19 11:54:40 [INFO] MQTT Listener fermé 
2025-08-19 11:54:46 [ERROR] MQTT Listener err: 
2025-08-19 11:54:46 [ERROR] MQTT Publisher err: 
2025-08-19 11:54:46 [INFO] MQTT Listener fermé 
2025-08-19 11:54:46 [INFO] MQTT Publisher fermé 
2025-08-19 11:54:52 [ERROR] MQTT Publisher err: 
2025-08-19 11:54:52 [INFO] MQTT Publisher fermé 
2025-08-19 11:54:52 [ERROR] MQTT Listener err: 
2025-08-19 11:54:52 [INFO] MQTT Listener fermé 
2025-08-19 11:54:59 [ERROR] MQTT Listener err: 
2025-08-19 11:54:59 [INFO] MQTT Listener fermé 
2025-08-19 11:55:00 [ERROR] MQTT Publisher err: 
2025-08-19 11:55:00 [INFO] MQTT Publisher fermé 
2025-08-19 11:55:04 [INFO] Arrêt du serveur... 
2025-08-19 12:00:43 [INFO] Connexion au broker MQTT... {"url":"wss://test.mosquitto.org:8081","clientId":"ktur_listener_b94a6d","role":"listener"}
2025-08-19 12:00:43 [INFO] Connexion au broker MQTT... {"url":"wss://test.mosquitto.org:8081","clientId":"ktur_publisher_b8a151","role":"publisher"}
2025-08-19 12:00:43 [INFO] Serveur en écoute sur le port 3000 
2025-08-19 12:00:44 [INFO] Connecté à Redis 
2025-08-19 12:00:45 [ERROR] MQTT Publisher err: 
2025-08-19 12:00:45 [WARN] MQTT Publisher hors ligne 
2025-08-19 12:00:45 [INFO] MQTT Publisher fermé 
2025-08-19 12:00:45 [ERROR] MQTT Listener err: 
2025-08-19 12:00:45 [WARN] MQTT Listener hors ligne 
2025-08-19 12:00:45 [INFO] MQTT Listener fermé 
2025-08-19 12:00:47 [INFO] Arrêt du serveur... 
2025-08-19 12:01:32 [INFO] Connexion au broker MQTT... {"url":"wss://test.mosquitto.org:8081","clientId":"ktur_listener_29cd0d","role":"listener"}
2025-08-19 12:01:32 [INFO] Connexion au broker MQTT... {"url":"wss://test.mosquitto.org:8081","clientId":"ktur_publisher_b314d9","role":"publisher"}
2025-08-19 12:01:32 [INFO] Serveur en écoute sur le port 3000 
2025-08-19 12:01:33 [INFO] Connecté à Redis 
2025-08-19 12:01:33 [ERROR] MQTT Listener err: 
2025-08-19 12:01:33 [WARN] MQTT Listener hors ligne 
2025-08-19 12:01:33 [INFO] MQTT Listener fermé 
2025-08-19 12:01:34 [ERROR] MQTT Publisher err: 
2025-08-19 12:01:34 [WARN] MQTT Publisher hors ligne 
2025-08-19 12:01:34 [INFO] MQTT Publisher fermé 
2025-08-19 12:01:35 [INFO] Arrêt du serveur... 
2025-08-19 12:09:28 [INFO] Connexion au broker MQTT... {"url":"mqtts://test.mosquitto.org:8883","clientId":"ktur_listener_1e9c3f","role":"listener"}
2025-08-19 12:09:28 [INFO] Connexion au broker MQTT... {"url":"mqtts://test.mosquitto.org:8883","clientId":"ktur_publisher_d47a6c","role":"publisher"}
2025-08-19 12:09:28 [INFO] Serveur en écoute sur le port 3000 
2025-08-19 12:09:29 [ERROR] MQTT Listener err: 
2025-08-19 12:09:29 [ERROR] MQTT Listener err: 
2025-08-19 12:09:29 [WARN] MQTT Listener hors ligne 
2025-08-19 12:09:29 [INFO] MQTT Listener fermé 
2025-08-19 12:09:29 [INFO] Connecté à Redis 
2025-08-19 12:09:29 [ERROR] MQTT Publisher err: 
2025-08-19 12:09:29 [ERROR] MQTT Publisher err: 
2025-08-19 12:09:29 [WARN] MQTT Publisher hors ligne 
2025-08-19 12:09:29 [INFO] MQTT Publisher fermé 
2025-08-19 12:09:33 [INFO] Arrêt du serveur... 
2025-08-19 12:15:52 [INFO] Connexion au broker MQTT... {"url":"mqtts://test.mosquitto.org:8883","clientId":"ktur_listener_df0bb1","role":"listener"}
2025-08-19 12:15:52 [INFO] Connexion au broker MQTT... {"url":"mqtts://test.mosquitto.org:8883","clientId":"ktur_publisher_6cc340","role":"publisher"}
2025-08-19 12:15:52 [INFO] Serveur en écoute sur le port 3000 
2025-08-19 12:15:52 [INFO] Connecté à Redis 
2025-08-19 12:15:53 [ERROR] MQTT Listener err: 
2025-08-19 12:15:53 [WARN] MQTT Listener hors ligne 
2025-08-19 12:15:53 [INFO] MQTT Listener fermé 
2025-08-19 12:15:53 [ERROR] MQTT Publisher err: 
2025-08-19 12:15:53 [WARN] MQTT Publisher hors ligne 
2025-08-19 12:15:53 [INFO] MQTT Publisher fermé 
2025-08-19 12:15:56 [INFO] Arrêt du serveur... 
2025-08-19 12:20:19 [INFO] Connexion au broker MQTT... {"url":"mqtts://test.mosquitto.org:8883","clientId":"ktur_listener_37ed49","role":"listener"}
2025-08-19 12:20:19 [INFO] Connexion au broker MQTT... {"url":"mqtts://test.mosquitto.org:8883","clientId":"ktur_publisher_41e6d2","role":"publisher"}
2025-08-19 12:20:19 [INFO] Serveur en écoute sur le port 3000 
2025-08-19 12:20:19 [INFO] Connecté à Redis 
2025-08-19 12:20:20 [ERROR] MQTT Publisher err: 
2025-08-19 12:20:20 [WARN] MQTT Publisher hors ligne 
2025-08-19 12:20:20 [INFO] MQTT Publisher fermé 
2025-08-19 12:20:20 [ERROR] MQTT Listener err: 
2025-08-19 12:20:20 [WARN] MQTT Listener hors ligne 
2025-08-19 12:20:20 [INFO] MQTT Listener fermé 
2025-08-19 12:20:21 [INFO] Arrêt du serveur... 
2025-08-19 12:24:05 [INFO] Connexion au broker MQTT... {"url":"mqtts://test.mosquitto.org:8883","clientId":"ktur_listener_982ac9","role":"listener"}
2025-08-19 12:24:05 [INFO] Connexion au broker MQTT... {"url":"mqtts://test.mosquitto.org:8883","clientId":"ktur_publisher_49fd70","role":"publisher"}
2025-08-19 12:24:05 [INFO] Serveur en écoute sur le port 3000 
2025-08-19 12:24:06 [INFO] Connecté à Redis 
2025-08-19 12:24:06 [INFO] MQTT Publisher connecté 
2025-08-19 12:24:06 [INFO] MQTT Listener connecté 
2025-08-19 12:24:06 [INFO] Souscription envoyée {"topics":["ktur/reservations/recentes","chauffeur/+/status","chauffeur/+/position","passager_mobile/status","passager_mobile/position"]}
2025-08-19 12:24:07 [INFO] Souscription confirmée (SUBACK) 
2025-08-19 12:24:07 [INFO] Abonnements wildcard MQTT effectués 
2025-08-19 12:24:07 [INFO] MQTT message reçu {"topic":"chauffeur/26/position","size":149}
2025-08-19 12:24:09 [INFO] MQTT message reçu {"topic":"chauffeur/26/status","size":203}
2025-08-19 12:24:11 [INFO] Arrêt du serveur... 
