2025-08-13 11:24:35 [INFO] Connexion au broker MQTT... {"url":"mqtts://broker.emqx.io:8883","clientId":"ktur_listener_06dbff","role":"listener"}
2025-08-13 11:24:36 [INFO] Connexion au broker MQTT... {"url":"mqtts://broker.emqx.io:8883","clientId":"ktur_publisher_7770ee","role":"publisher"}
2025-08-13 11:24:36 [INFO] Serveur en écoute sur le port 3000 
2025-08-13 11:24:37 [INFO] Connecté à Redis 
2025-08-13 11:24:37 [INFO] MQTT Listener connecté 
2025-08-13 11:24:37 [INFO] Souscription envoyée {"topics":["ktur/reservations/recentes","chauffeur/+/status","chauffeur/+/position"]}
2025-08-13 11:24:37 [INFO] MQTT Publisher connecté 
2025-08-13 11:24:38 [INFO] Souscription confirmée (SUBACK) 
2025-08-13 11:24:38 [INFO] Abonnements wildcard MQTT effectués 
2025-08-13 11:24:38 [INFO] MQTT message reçu {"topic":"chauffeur/36/position","size":129}
2025-08-13 11:24:38 [INFO] MQTT message reçu {"topic":"chauffeur/37/position","size":129}
2025-08-13 11:24:38 [INFO] MQTT message reçu {"topic":"chauffeur/36/status","size":203}
2025-08-13 11:24:38 [INFO] MQTT message reçu {"topic":"chauffeur/37/status","size":203}
2025-08-13 11:27:04 [INFO] Arrêt du serveur... 
2025-08-13 11:27:10 [INFO] Connexion au broker MQTT... {"url":"mqtts://broker.emqx.io:8883","clientId":"ktur_listener_3089a1","role":"listener"}
2025-08-13 11:27:10 [INFO] Connexion au broker MQTT... {"url":"mqtts://broker.emqx.io:8883","clientId":"ktur_publisher_387112","role":"publisher"}
2025-08-13 11:27:10 [INFO] Serveur en écoute sur le port 3000 
2025-08-13 11:27:11 [INFO] Connecté à Redis 
2025-08-13 11:27:11 [INFO] MQTT Publisher connecté 
2025-08-13 11:27:11 [INFO] MQTT Listener connecté 
2025-08-13 11:27:11 [INFO] Souscription envoyée {"topics":["ktur/reservations/recentes","chauffeur/+/status","chauffeur/+/position"]}
2025-08-13 11:27:12 [INFO] Souscription confirmée (SUBACK) 
2025-08-13 11:27:12 [INFO] Abonnements wildcard MQTT effectués 
2025-08-13 11:27:12 [INFO] MQTT message reçu {"topic":"chauffeur/36/position","size":129}
2025-08-13 11:27:12 [INFO] MQTT message reçu {"topic":"chauffeur/37/position","size":129}
2025-08-13 11:27:13 [INFO] MQTT message reçu {"topic":"chauffeur/36/status","size":203}
2025-08-13 11:27:13 [INFO] MQTT message reçu {"topic":"chauffeur/37/status","size":203}
2025-08-13 11:27:16 [INFO] Arrêt du serveur... 
2025-08-13 11:42:23 [INFO] Connexion au broker MQTT... {"url":"mqtts://broker.emqx.io:8883","clientId":"ktur_listener_d92e9a","role":"listener"}
2025-08-13 11:42:23 [INFO] Connexion au broker MQTT... {"url":"mqtts://broker.emqx.io:8883","clientId":"ktur_publisher_65dd14","role":"publisher"}
2025-08-13 11:42:23 [INFO] Serveur en écoute sur le port 3000 
2025-08-13 11:42:24 [INFO] MQTT Publisher connecté 
2025-08-13 11:42:24 [INFO] MQTT Listener connecté 
2025-08-13 11:42:24 [INFO] Souscription envoyée {"topics":["ktur/reservations/recentes","chauffeur/+/status","chauffeur/+/position"]}
2025-08-13 11:42:24 [INFO] Connecté à Redis 
2025-08-13 11:42:24 [INFO] Souscription confirmée (SUBACK) 
2025-08-13 11:42:24 [INFO] Abonnements wildcard MQTT effectués 
2025-08-13 11:42:24 [INFO] MQTT message reçu {"topic":"chauffeur/36/position","size":129}
2025-08-13 11:42:24 [INFO] MQTT message reçu {"topic":"chauffeur/37/position","size":129}
2025-08-13 11:42:25 [INFO] MQTT message reçu {"topic":"chauffeur/36/status","size":203}
2025-08-13 11:42:25 [INFO] MQTT message reçu {"topic":"chauffeur/37/status","size":203}
2025-08-13 11:42:27 [INFO] Arrêt du serveur... 
