2025-09-04 12:39:19 [INFO] Création client MQTT {"role":"listener","clientId":"ktur_listener_8540d5"}
2025-09-04 12:39:20 [INFO] Création client MQTT {"role":"publisher","clientId":"ktur_publisher_7d7d69"}
2025-09-04 12:39:20 [INFO] Serveur KTUR démarré sur le port 3000 {"nodeEnv":"development","logLevel":"info","mqttEnabled":true,"publisherEnabled":true}
2025-09-04 12:39:21 [INFO] MQTT Publisher connecté 
2025-09-04 12:39:21 [INFO] Traitement de 0 messages en attente 
2025-09-04 12:39:22 [INFO] MQTT Listener connecté 
2025-09-04 12:39:22 [INFO] Traitement de 0 messages en attente 
2025-09-04 12:39:22 [INFO] Abonnements MQTT effectués {"topics":["ktur/reservations/recentes","chauffeur/+/status","chauffeur/+/position","passager_mobile/status","passager_mobile/position"]}
2025-09-04 12:39:23 [INFO] Connecté à Redis 
2025-09-04 12:40:22 [WARN] MQTT Publisher hors ligne 
2025-09-04 12:40:22 [INFO] MQTT Publisher fermé 
2025-09-04 12:40:22 [WARN] MQTT Listener hors ligne 
2025-09-04 12:40:22 [INFO] MQTT Listener fermé 
2025-09-04 12:40:28 [INFO] MQTT Publisher connecté 
2025-09-04 12:40:28 [INFO] Traitement de 0 messages en attente 
2025-09-04 12:40:28 [INFO] MQTT Listener connecté 
2025-09-04 12:40:28 [INFO] Abonnements MQTT effectués {"topics":["ktur/reservations/recentes","chauffeur/+/status","chauffeur/+/position","passager_mobile/status","passager_mobile/position"]}
2025-09-04 12:40:28 [INFO] Traitement de 0 messages en attente 
2025-09-04 12:41:28 [WARN] MQTT Publisher hors ligne 
2025-09-04 12:41:28 [INFO] MQTT Publisher fermé 
2025-09-04 12:41:29 [WARN] MQTT Listener hors ligne 
2025-09-04 12:41:29 [INFO] MQTT Listener fermé 
2025-09-04 12:41:34 [INFO] MQTT Listener connecté 
2025-09-04 12:41:34 [INFO] Abonnements MQTT effectués {"topics":["ktur/reservations/recentes","chauffeur/+/status","chauffeur/+/position","passager_mobile/status","passager_mobile/position"]}
2025-09-04 12:41:34 [INFO] MQTT Publisher connecté 
2025-09-04 12:41:34 [INFO] Traitement de 0 messages en attente 
2025-09-04 12:42:25 [INFO] MQTT message reçu {"topic":"chauffeur/39/position","bytes":143}
2025-09-04 12:42:25 [INFO] MQTT message parsé {"topic":"chauffeur/39/position","type":"position","keys":["type","chauffeur_id","data"]}
2025-09-04 12:42:25 [INFO] Préparation mise à jour position chauffeur {"key":"chauffeur:39","chauffeurId":"39","update":{"latitude":48.8566,"longitude":2.3522,"accuracy":5,"speed":"","heading":90,"en_ligne":"1","disponible":"0","en_course":"0","updated_at":1756986145776}}
2025-09-04 12:42:25 [INFO] MQTT message reçu {"topic":"chauffeur/39/position","bytes":109}
2025-09-04 12:42:25 [INFO] MQTT message parsé {"topic":"chauffeur/39/position","type":"general_position","keys":["type","chauffeur_id","data"]}
2025-09-04 12:42:26 [INFO] Préparation mise à jour position chauffeur {"key":"chauffeur:39","chauffeurId":"39","update":{"latitude":48.8566,"longitude":2.3522,"accuracy":"","speed":"","heading":"","en_ligne":"1","disponible":"0","en_course":"0","updated_at":1756986145960}}
2025-09-04 12:42:26 [INFO] Mise à jour Redis position chauffeur effectuée {"key":"chauffeur:39","fields":["latitude","longitude","accuracy","speed","heading","en_ligne","disponible","en_course","updated_at"]}
2025-09-04 12:42:26 [INFO] Mise à jour Redis position chauffeur effectuée {"key":"chauffeur:39","fields":["latitude","longitude","accuracy","speed","heading","en_ligne","disponible","en_course","updated_at"]}
2025-09-04 12:42:26 [INFO] MQTT message reçu {"topic":"chauffeur/39/status","bytes":196}
2025-09-04 12:42:26 [INFO] MQTT message parsé {"topic":"chauffeur/39/status","type":null,"keys":["chauffeur_id","disponible","en_ligne","en_course","latitude","longitude"]}
2025-09-04 12:42:26 [INFO] MQTT message reçu {"topic":"chauffeur/39/position","bytes":109}
2025-09-04 12:42:26 [INFO] MQTT message parsé {"topic":"chauffeur/39/position","type":"general_position","keys":["type","chauffeur_id","data"]}
2025-09-04 12:42:26 [INFO] Préparation mise à jour position chauffeur {"key":"chauffeur:39","chauffeurId":"39","update":{"latitude":48.8566,"longitude":2.3522,"accuracy":"","speed":"","heading":"","en_ligne":"1","disponible":"0","en_course":"0","updated_at":1756986146674}}
2025-09-04 12:42:26 [INFO] MQTT message reçu {"topic":"chauffeur/39/status","bytes":196}
2025-09-04 12:42:26 [INFO] MQTT message parsé {"topic":"chauffeur/39/status","type":null,"keys":["chauffeur_id","disponible","en_ligne","en_course","latitude","longitude"]}
2025-09-04 12:42:26 [INFO] MQTT message reçu {"topic":"chauffeur/39/position","bytes":109}
2025-09-04 12:42:26 [INFO] MQTT message parsé {"topic":"chauffeur/39/position","type":"general_position","keys":["type","chauffeur_id","data"]}
2025-09-04 12:42:27 [INFO] MQTT message reçu {"topic":"chauffeur/39/position","bytes":109}
2025-09-04 12:42:27 [INFO] MQTT message parsé {"topic":"chauffeur/39/position","type":"general_position","keys":["type","chauffeur_id","data"]}
2025-09-04 12:42:27 [INFO] MQTT message reçu {"topic":"chauffeur/39/status","bytes":196}
2025-09-04 12:42:27 [INFO] MQTT message parsé {"topic":"chauffeur/39/status","type":null,"keys":["chauffeur_id","disponible","en_ligne","en_course","latitude","longitude"]}
2025-09-04 12:42:27 [INFO] Préparation mise à jour position chauffeur {"key":"chauffeur:39","chauffeurId":"39","update":{"latitude":48.8566,"longitude":2.3522,"accuracy":"","speed":"","heading":"","en_ligne":"1","disponible":"0","en_course":"0","updated_at":1756986146954}}
2025-09-04 12:42:27 [INFO] Mise à jour Redis position chauffeur effectuée {"key":"chauffeur:39","fields":["latitude","longitude","accuracy","speed","heading","en_ligne","disponible","en_course","updated_at"]}
2025-09-04 12:42:27 [INFO] Préparation mise à jour position chauffeur {"key":"chauffeur:39","chauffeurId":"39","update":{"latitude":48.8566,"longitude":2.3522,"accuracy":"","speed":"","heading":"","en_ligne":"1","disponible":"0","en_course":"0","updated_at":1756986147089}}
2025-09-04 12:42:27 [INFO] Mise à jour Redis position chauffeur effectuée {"key":"chauffeur:39","fields":["latitude","longitude","accuracy","speed","heading","en_ligne","disponible","en_course","updated_at"]}
2025-09-04 12:42:27 [INFO] MQTT message reçu {"topic":"chauffeur/39/position","bytes":109}
2025-09-04 12:42:27 [INFO] MQTT message parsé {"topic":"chauffeur/39/position","type":"general_position","keys":["type","chauffeur_id","data"]}
2025-09-04 12:42:27 [INFO] MQTT message reçu {"topic":"chauffeur/39/position","bytes":109}
2025-09-04 12:42:27 [INFO] MQTT message parsé {"topic":"chauffeur/39/position","type":"general_position","keys":["type","chauffeur_id","data"]}
2025-09-04 12:42:27 [INFO] MQTT message reçu {"topic":"chauffeur/39/status","bytes":196}
2025-09-04 12:42:27 [INFO] MQTT message parsé {"topic":"chauffeur/39/status","type":null,"keys":["chauffeur_id","disponible","en_ligne","en_course","latitude","longitude"]}
2025-09-04 12:42:27 [INFO] MQTT message reçu {"topic":"chauffeur/39/position","bytes":109}
2025-09-04 12:42:27 [INFO] MQTT message parsé {"topic":"chauffeur/39/position","type":"general_position","keys":["type","chauffeur_id","data"]}
2025-09-04 12:42:27 [INFO] MQTT message reçu {"topic":"chauffeur/39/status","bytes":196}
2025-09-04 12:42:27 [INFO] MQTT message parsé {"topic":"chauffeur/39/status","type":null,"keys":["chauffeur_id","disponible","en_ligne","en_course","latitude","longitude"]}
2025-09-04 12:42:27 [INFO] Mise à jour Redis position chauffeur effectuée {"key":"chauffeur:39","fields":["latitude","longitude","accuracy","speed","heading","en_ligne","disponible","en_course","updated_at"]}
2025-09-04 12:42:27 [INFO] MQTT message reçu {"topic":"chauffeur/39/position","bytes":109}
2025-09-04 12:42:27 [INFO] MQTT message parsé {"topic":"chauffeur/39/position","type":"general_position","keys":["type","chauffeur_id","data"]}
2025-09-04 12:42:27 [INFO] MQTT message reçu {"topic":"chauffeur/39/position","bytes":109}
2025-09-04 12:42:27 [INFO] MQTT message parsé {"topic":"chauffeur/39/position","type":"general_position","keys":["type","chauffeur_id","data"]}
2025-09-04 12:42:27 [INFO] MQTT message reçu {"topic":"chauffeur/39/position","bytes":109}
2025-09-04 12:42:27 [INFO] MQTT message parsé {"topic":"chauffeur/39/position","type":"general_position","keys":["type","chauffeur_id","data"]}
2025-09-04 12:42:27 [INFO] MQTT message reçu {"topic":"chauffeur/39/position","bytes":109}
2025-09-04 12:42:27 [INFO] MQTT message parsé {"topic":"chauffeur/39/position","type":"general_position","keys":["type","chauffeur_id","data"]}
2025-09-04 12:42:28 [INFO] Préparation mise à jour position chauffeur {"key":"chauffeur:39","chauffeurId":"39","update":{"latitude":48.8566,"longitude":2.3522,"accuracy":"","speed":"","heading":"","en_ligne":"1","disponible":"0","en_course":"0","updated_at":1756986147553}}
2025-09-04 12:42:28 [INFO] Préparation mise à jour position chauffeur {"key":"chauffeur:39","chauffeurId":"39","update":{"latitude":48.8566,"longitude":2.3522,"accuracy":"","speed":"","heading":"","en_ligne":"1","disponible":"0","en_course":"0","updated_at":1756986147555}}
2025-09-04 12:42:28 [INFO] Préparation mise à jour position chauffeur {"key":"chauffeur:39","chauffeurId":"39","update":{"latitude":48.8566,"longitude":2.3522,"accuracy":"","speed":"","heading":"","en_ligne":"1","disponible":"0","en_course":"0","updated_at":1756986147556}}
2025-09-04 12:42:28 [INFO] Préparation mise à jour position chauffeur {"key":"chauffeur:39","chauffeurId":"39","update":{"latitude":48.8566,"longitude":2.3522,"accuracy":"","speed":"","heading":"","en_ligne":"1","disponible":"0","en_course":"0","updated_at":1756986147733}}
2025-09-04 12:42:28 [INFO] Préparation mise à jour position chauffeur {"key":"chauffeur:39","chauffeurId":"39","update":{"latitude":48.8566,"longitude":2.3522,"accuracy":"","speed":"","heading":"","en_ligne":"1","disponible":"0","en_course":"0","updated_at":1756986147798}}
2025-09-04 12:42:28 [INFO] Préparation mise à jour position chauffeur {"key":"chauffeur:39","chauffeurId":"39","update":{"latitude":48.8566,"longitude":2.3522,"accuracy":"","speed":"","heading":"","en_ligne":"1","disponible":"0","en_course":"0","updated_at":1756986147953}}
2025-09-04 12:42:28 [INFO] Préparation mise à jour position chauffeur {"key":"chauffeur:39","chauffeurId":"39","update":{"latitude":48.8566,"longitude":2.3522,"accuracy":"","speed":"","heading":"","en_ligne":"1","disponible":"0","en_course":"0","updated_at":1756986147990}}
2025-09-04 12:42:28 [INFO] MQTT message reçu {"topic":"chauffeur/39/status","bytes":196}
2025-09-04 12:42:28 [INFO] MQTT message parsé {"topic":"chauffeur/39/status","type":null,"keys":["chauffeur_id","disponible","en_ligne","en_course","latitude","longitude"]}
2025-09-04 12:42:28 [INFO] Mise à jour Redis position chauffeur effectuée {"key":"chauffeur:39","fields":["latitude","longitude","accuracy","speed","heading","en_ligne","disponible","en_course","updated_at"]}
2025-09-04 12:42:28 [INFO] Mise à jour Redis position chauffeur effectuée {"key":"chauffeur:39","fields":["latitude","longitude","accuracy","speed","heading","en_ligne","disponible","en_course","updated_at"]}
2025-09-04 12:42:28 [INFO] Mise à jour Redis position chauffeur effectuée {"key":"chauffeur:39","fields":["latitude","longitude","accuracy","speed","heading","en_ligne","disponible","en_course","updated_at"]}
2025-09-04 12:42:28 [INFO] Mise à jour Redis position chauffeur effectuée {"key":"chauffeur:39","fields":["latitude","longitude","accuracy","speed","heading","en_ligne","disponible","en_course","updated_at"]}
2025-09-04 12:42:28 [INFO] Mise à jour Redis position chauffeur effectuée {"key":"chauffeur:39","fields":["latitude","longitude","accuracy","speed","heading","en_ligne","disponible","en_course","updated_at"]}
2025-09-04 12:42:28 [INFO] Mise à jour Redis position chauffeur effectuée {"key":"chauffeur:39","fields":["latitude","longitude","accuracy","speed","heading","en_ligne","disponible","en_course","updated_at"]}
2025-09-04 12:42:28 [INFO] MQTT message reçu {"topic":"chauffeur/39/position","bytes":109}
2025-09-04 12:42:28 [INFO] MQTT message parsé {"topic":"chauffeur/39/position","type":"general_position","keys":["type","chauffeur_id","data"]}
2025-09-04 12:42:28 [INFO] Mise à jour Redis position chauffeur effectuée {"key":"chauffeur:39","fields":["latitude","longitude","accuracy","speed","heading","en_ligne","disponible","en_course","updated_at"]}
2025-09-04 12:42:28 [INFO] MQTT message reçu {"topic":"chauffeur/39/position","bytes":109}
2025-09-04 12:42:28 [INFO] MQTT message parsé {"topic":"chauffeur/39/position","type":"general_position","keys":["type","chauffeur_id","data"]}
2025-09-04 12:42:28 [INFO] MQTT message reçu {"topic":"chauffeur/39/position","bytes":109}
2025-09-04 12:42:28 [INFO] MQTT message parsé {"topic":"chauffeur/39/position","type":"general_position","keys":["type","chauffeur_id","data"]}
2025-09-04 12:42:28 [INFO] MQTT message reçu {"topic":"chauffeur/39/position","bytes":109}
2025-09-04 12:42:28 [INFO] MQTT message parsé {"topic":"chauffeur/39/position","type":"general_position","keys":["type","chauffeur_id","data"]}
2025-09-04 12:42:28 [INFO] MQTT message reçu {"topic":"chauffeur/39/position","bytes":109}
2025-09-04 12:42:28 [INFO] MQTT message parsé {"topic":"chauffeur/39/position","type":"general_position","keys":["type","chauffeur_id","data"]}
2025-09-04 12:42:28 [INFO] MQTT message reçu {"topic":"chauffeur/39/position","bytes":109}
2025-09-04 12:42:28 [INFO] MQTT message parsé {"topic":"chauffeur/39/position","type":"general_position","keys":["type","chauffeur_id","data"]}
2025-09-04 12:42:28 [INFO] MQTT message reçu {"topic":"chauffeur/39/position","bytes":109}
2025-09-04 12:42:28 [INFO] MQTT message parsé {"topic":"chauffeur/39/position","type":"general_position","keys":["type","chauffeur_id","data"]}
2025-09-04 12:42:28 [INFO] MQTT message reçu {"topic":"chauffeur/39/position","bytes":109}
2025-09-04 12:42:28 [INFO] MQTT message parsé {"topic":"chauffeur/39/position","type":"general_position","keys":["type","chauffeur_id","data"]}
2025-09-04 12:42:28 [INFO] MQTT message reçu {"topic":"chauffeur/39/position","bytes":109}
2025-09-04 12:42:29 [INFO] MQTT message parsé {"topic":"chauffeur/39/position","type":"general_position","keys":["type","chauffeur_id","data"]}
2025-09-04 12:42:29 [INFO] MQTT message reçu {"topic":"chauffeur/39/position","bytes":109}
2025-09-04 12:42:29 [INFO] MQTT message parsé {"topic":"chauffeur/39/position","type":"general_position","keys":["type","chauffeur_id","data"]}
2025-09-04 12:42:29 [INFO] Préparation mise à jour position chauffeur {"key":"chauffeur:39","chauffeurId":"39","update":{"latitude":48.8566,"longitude":2.3522,"accuracy":"","speed":"","heading":"","en_ligne":"1","disponible":"0","en_course":"0","updated_at":1756986148798}}
2025-09-04 12:42:29 [INFO] Préparation mise à jour position chauffeur {"key":"chauffeur:39","chauffeurId":"39","update":{"latitude":48.8566,"longitude":2.3522,"accuracy":"","speed":"","heading":"","en_ligne":"1","disponible":"0","en_course":"0","updated_at":1756986148990}}
2025-09-04 12:42:29 [INFO] Préparation mise à jour position chauffeur {"key":"chauffeur:39","chauffeurId":"39","update":{"latitude":48.8566,"longitude":2.3522,"accuracy":"","speed":"","heading":"","en_ligne":"1","disponible":"0","en_course":"0","updated_at":1756986148991}}
2025-09-04 12:42:29 [INFO] Préparation mise à jour position chauffeur {"key":"chauffeur:39","chauffeurId":"39","update":{"latitude":48.8566,"longitude":2.3522,"accuracy":"","speed":"","heading":"","en_ligne":"1","disponible":"0","en_course":"0","updated_at":1756986148992}}
2025-09-04 12:42:29 [INFO] Préparation mise à jour position chauffeur {"key":"chauffeur:39","chauffeurId":"39","update":{"latitude":48.8566,"longitude":2.3522,"accuracy":"","speed":"","heading":"","en_ligne":"1","disponible":"0","en_course":"0","updated_at":1756986148994}}
2025-09-04 12:42:29 [INFO] Préparation mise à jour position chauffeur {"key":"chauffeur:39","chauffeurId":"39","update":{"latitude":48.8566,"longitude":2.3522,"accuracy":"","speed":"","heading":"","en_ligne":"1","disponible":"0","en_course":"0","updated_at":1756986148995}}
2025-09-04 12:42:29 [INFO] Préparation mise à jour position chauffeur {"key":"chauffeur:39","chauffeurId":"39","update":{"latitude":48.8566,"longitude":2.3522,"accuracy":"","speed":"","heading":"","en_ligne":"1","disponible":"0","en_course":"0","updated_at":1756986148996}}
2025-09-04 12:42:29 [INFO] Préparation mise à jour position chauffeur {"key":"chauffeur:39","chauffeurId":"39","update":{"latitude":48.8566,"longitude":2.3522,"accuracy":"","speed":"","heading":"","en_ligne":"1","disponible":"0","en_course":"0","updated_at":1756986148999}}
2025-09-04 12:42:29 [INFO] Préparation mise à jour position chauffeur {"key":"chauffeur:39","chauffeurId":"39","update":{"latitude":48.8566,"longitude":2.3522,"accuracy":"","speed":"","heading":"","en_ligne":"1","disponible":"0","en_course":"0","updated_at":1756986149000}}
2025-09-04 12:42:29 [INFO] Préparation mise à jour position chauffeur {"key":"chauffeur:39","chauffeurId":"39","update":{"latitude":48.8566,"longitude":2.3522,"accuracy":"","speed":"","heading":"","en_ligne":"1","disponible":"0","en_course":"0","updated_at":1756986149001}}
2025-09-04 12:42:29 [INFO] MQTT message reçu {"topic":"chauffeur/39/position","bytes":109}
2025-09-04 12:42:29 [INFO] MQTT message parsé {"topic":"chauffeur/39/position","type":"general_position","keys":["type","chauffeur_id","data"]}
2025-09-04 12:42:29 [INFO] MQTT message reçu {"topic":"chauffeur/39/position","bytes":109}
2025-09-04 12:42:29 [INFO] MQTT message parsé {"topic":"chauffeur/39/position","type":"general_position","keys":["type","chauffeur_id","data"]}
2025-09-04 12:42:29 [INFO] MQTT message reçu {"topic":"chauffeur/39/status","bytes":196}
2025-09-04 12:42:29 [INFO] MQTT message parsé {"topic":"chauffeur/39/status","type":null,"keys":["chauffeur_id","disponible","en_ligne","en_course","latitude","longitude"]}
2025-09-04 12:42:29 [INFO] MQTT message reçu {"topic":"chauffeur/39/status","bytes":196}
2025-09-04 12:42:29 [INFO] MQTT message parsé {"topic":"chauffeur/39/status","type":null,"keys":["chauffeur_id","disponible","en_ligne","en_course","latitude","longitude"]}
2025-09-04 12:42:29 [INFO] MQTT message reçu {"topic":"chauffeur/39/position","bytes":109}
2025-09-04 12:42:29 [INFO] MQTT message parsé {"topic":"chauffeur/39/position","type":"general_position","keys":["type","chauffeur_id","data"]}
2025-09-04 12:42:29 [INFO] MQTT message reçu {"topic":"chauffeur/39/position","bytes":109}
2025-09-04 12:42:29 [INFO] MQTT message parsé {"topic":"chauffeur/39/position","type":"general_position","keys":["type","chauffeur_id","data"]}
2025-09-04 12:42:29 [INFO] Mise à jour Redis position chauffeur effectuée {"key":"chauffeur:39","fields":["latitude","longitude","accuracy","speed","heading","en_ligne","disponible","en_course","updated_at"]}
2025-09-04 12:42:29 [INFO] Mise à jour Redis position chauffeur effectuée {"key":"chauffeur:39","fields":["latitude","longitude","accuracy","speed","heading","en_ligne","disponible","en_course","updated_at"]}
2025-09-04 12:42:29 [INFO] Préparation mise à jour position chauffeur {"key":"chauffeur:39","chauffeurId":"39","update":{"latitude":48.8566,"longitude":2.3522,"accuracy":"","speed":"","heading":"","en_ligne":"1","disponible":"0","en_course":"0","updated_at":1756986149713}}
2025-09-04 12:42:29 [INFO] Préparation mise à jour position chauffeur {"key":"chauffeur:39","chauffeurId":"39","update":{"latitude":48.8566,"longitude":2.3522,"accuracy":"","speed":"","heading":"","en_ligne":"1","disponible":"0","en_course":"0","updated_at":1756986149715}}
2025-09-04 12:42:29 [INFO] Préparation mise à jour position chauffeur {"key":"chauffeur:39","chauffeurId":"39","update":{"latitude":48.8566,"longitude":2.3522,"accuracy":"","speed":"","heading":"","en_ligne":"1","disponible":"0","en_course":"0","updated_at":1756986149718}}
2025-09-04 12:42:29 [INFO] Préparation mise à jour position chauffeur {"key":"chauffeur:39","chauffeurId":"39","update":{"latitude":48.8566,"longitude":2.3522,"accuracy":"","speed":"","heading":"","en_ligne":"1","disponible":"0","en_course":"0","updated_at":1756986149719}}
2025-09-04 12:42:30 [INFO] MQTT message reçu {"topic":"chauffeur/39/position","bytes":109}
2025-09-04 12:42:30 [INFO] MQTT message parsé {"topic":"chauffeur/39/position","type":"general_position","keys":["type","chauffeur_id","data"]}
2025-09-04 12:42:30 [INFO] Mise à jour Redis position chauffeur effectuée {"key":"chauffeur:39","fields":["latitude","longitude","accuracy","speed","heading","en_ligne","disponible","en_course","updated_at"]}
2025-09-04 12:42:30 [INFO] Mise à jour Redis position chauffeur effectuée {"key":"chauffeur:39","fields":["latitude","longitude","accuracy","speed","heading","en_ligne","disponible","en_course","updated_at"]}
2025-09-04 12:42:30 [INFO] Mise à jour Redis position chauffeur effectuée {"key":"chauffeur:39","fields":["latitude","longitude","accuracy","speed","heading","en_ligne","disponible","en_course","updated_at"]}
2025-09-04 12:42:30 [INFO] Mise à jour Redis position chauffeur effectuée {"key":"chauffeur:39","fields":["latitude","longitude","accuracy","speed","heading","en_ligne","disponible","en_course","updated_at"]}
2025-09-04 12:42:30 [INFO] Mise à jour Redis position chauffeur effectuée {"key":"chauffeur:39","fields":["latitude","longitude","accuracy","speed","heading","en_ligne","disponible","en_course","updated_at"]}
2025-09-04 12:42:30 [INFO] Mise à jour Redis position chauffeur effectuée {"key":"chauffeur:39","fields":["latitude","longitude","accuracy","speed","heading","en_ligne","disponible","en_course","updated_at"]}
2025-09-04 12:42:30 [INFO] Mise à jour Redis position chauffeur effectuée {"key":"chauffeur:39","fields":["latitude","longitude","accuracy","speed","heading","en_ligne","disponible","en_course","updated_at"]}
2025-09-04 12:42:30 [INFO] Mise à jour Redis position chauffeur effectuée {"key":"chauffeur:39","fields":["latitude","longitude","accuracy","speed","heading","en_ligne","disponible","en_course","updated_at"]}
2025-09-04 12:42:30 [INFO] MQTT message reçu {"topic":"chauffeur/39/position","bytes":109}
2025-09-04 12:42:30 [INFO] MQTT message parsé {"topic":"chauffeur/39/position","type":"general_position","keys":["type","chauffeur_id","data"]}
2025-09-04 12:42:30 [INFO] MQTT message reçu {"topic":"chauffeur/39/position","bytes":109}
2025-09-04 12:42:30 [INFO] MQTT message parsé {"topic":"chauffeur/39/position","type":"general_position","keys":["type","chauffeur_id","data"]}
2025-09-04 12:42:30 [INFO] MQTT message reçu {"topic":"chauffeur/39/position","bytes":109}
2025-09-04 12:42:30 [INFO] MQTT message parsé {"topic":"chauffeur/39/position","type":"general_position","keys":["type","chauffeur_id","data"]}
2025-09-04 12:42:30 [INFO] MQTT message reçu {"topic":"chauffeur/39/status","bytes":196}
2025-09-04 12:42:30 [INFO] MQTT message parsé {"topic":"chauffeur/39/status","type":null,"keys":["chauffeur_id","disponible","en_ligne","en_course","latitude","longitude"]}
2025-09-04 12:42:31 [INFO] Préparation mise à jour position chauffeur {"key":"chauffeur:39","chauffeurId":"39","update":{"latitude":48.8566,"longitude":2.3522,"accuracy":"","speed":"","heading":"","en_ligne":"1","disponible":"0","en_course":"0","updated_at":1756986150312}}
2025-09-04 12:42:31 [INFO] Mise à jour Redis position chauffeur effectuée {"key":"chauffeur:39","fields":["latitude","longitude","accuracy","speed","heading","en_ligne","disponible","en_course","updated_at"]}
2025-09-04 12:42:31 [INFO] Mise à jour Redis position chauffeur effectuée {"key":"chauffeur:39","fields":["latitude","longitude","accuracy","speed","heading","en_ligne","disponible","en_course","updated_at"]}
2025-09-04 12:42:31 [INFO] Mise à jour Redis position chauffeur effectuée {"key":"chauffeur:39","fields":["latitude","longitude","accuracy","speed","heading","en_ligne","disponible","en_course","updated_at"]}
2025-09-04 12:42:31 [INFO] Mise à jour Redis position chauffeur effectuée {"key":"chauffeur:39","fields":["latitude","longitude","accuracy","speed","heading","en_ligne","disponible","en_course","updated_at"]}
2025-09-04 12:42:31 [INFO] MQTT message reçu {"topic":"chauffeur/39/position","bytes":109}
2025-09-04 12:42:31 [INFO] MQTT message parsé {"topic":"chauffeur/39/position","type":"general_position","keys":["type","chauffeur_id","data"]}
2025-09-04 12:42:31 [INFO] MQTT message reçu {"topic":"chauffeur/39/position","bytes":109}
2025-09-04 12:42:31 [INFO] MQTT message parsé {"topic":"chauffeur/39/position","type":"general_position","keys":["type","chauffeur_id","data"]}
2025-09-04 12:42:31 [INFO] MQTT message reçu {"topic":"chauffeur/39/position","bytes":109}
2025-09-04 12:42:31 [INFO] MQTT message parsé {"topic":"chauffeur/39/position","type":"general_position","keys":["type","chauffeur_id","data"]}
2025-09-04 12:42:31 [INFO] MQTT message reçu {"topic":"chauffeur/39/position","bytes":109}
2025-09-04 12:42:31 [INFO] MQTT message parsé {"topic":"chauffeur/39/position","type":"general_position","keys":["type","chauffeur_id","data"]}
2025-09-04 12:42:31 [INFO] MQTT message reçu {"topic":"chauffeur/39/position","bytes":109}
2025-09-04 12:42:31 [INFO] MQTT message parsé {"topic":"chauffeur/39/position","type":"general_position","keys":["type","chauffeur_id","data"]}
2025-09-04 12:42:31 [INFO] MQTT message reçu {"topic":"chauffeur/39/position","bytes":109}
2025-09-04 12:42:31 [INFO] MQTT message parsé {"topic":"chauffeur/39/position","type":"general_position","keys":["type","chauffeur_id","data"]}
2025-09-04 12:42:31 [INFO] Préparation mise à jour position chauffeur {"key":"chauffeur:39","chauffeurId":"39","update":{"latitude":48.8566,"longitude":2.3522,"accuracy":"","speed":"","heading":"","en_ligne":"1","disponible":"0","en_course":"0","updated_at":1756986150990}}
2025-09-04 12:42:31 [INFO] Préparation mise à jour position chauffeur {"key":"chauffeur:39","chauffeurId":"39","update":{"latitude":48.8566,"longitude":2.3522,"accuracy":"","speed":"","heading":"","en_ligne":"1","disponible":"0","en_course":"0","updated_at":1756986150991}}
2025-09-04 12:42:31 [INFO] Préparation mise à jour position chauffeur {"key":"chauffeur:39","chauffeurId":"39","update":{"latitude":48.8566,"longitude":2.3522,"accuracy":"","speed":"","heading":"","en_ligne":"1","disponible":"0","en_course":"0","updated_at":1756986150991}}
2025-09-04 12:42:31 [INFO] MQTT message reçu {"topic":"chauffeur/39/status","bytes":196}
2025-09-04 12:42:31 [INFO] MQTT message parsé {"topic":"chauffeur/39/status","type":null,"keys":["chauffeur_id","disponible","en_ligne","en_course","latitude","longitude"]}
2025-09-04 12:42:31 [INFO] MQTT message reçu {"topic":"chauffeur/39/position","bytes":109}
2025-09-04 12:42:31 [INFO] MQTT message parsé {"topic":"chauffeur/39/position","type":"general_position","keys":["type","chauffeur_id","data"]}
2025-09-04 12:42:31 [INFO] MQTT message reçu {"topic":"chauffeur/39/position","bytes":109}
2025-09-04 12:42:31 [INFO] MQTT message parsé {"topic":"chauffeur/39/position","type":"general_position","keys":["type","chauffeur_id","data"]}
2025-09-04 12:42:31 [INFO] MQTT message reçu {"topic":"chauffeur/39/position","bytes":109}
2025-09-04 12:42:31 [INFO] MQTT message parsé {"topic":"chauffeur/39/position","type":"general_position","keys":["type","chauffeur_id","data"]}
2025-09-04 12:42:31 [INFO] Préparation mise à jour position chauffeur {"key":"chauffeur:39","chauffeurId":"39","update":{"latitude":48.8566,"longitude":2.3522,"accuracy":"","speed":"","heading":"","en_ligne":"1","disponible":"0","en_course":"0","updated_at":1756986151126}}
2025-09-04 12:42:31 [INFO] Préparation mise à jour position chauffeur {"key":"chauffeur:39","chauffeurId":"39","update":{"latitude":48.8566,"longitude":2.3522,"accuracy":"","speed":"","heading":"","en_ligne":"1","disponible":"0","en_course":"0","updated_at":1756986151127}}
2025-09-04 12:42:31 [INFO] Préparation mise à jour position chauffeur {"key":"chauffeur:39","chauffeurId":"39","update":{"latitude":48.8566,"longitude":2.3522,"accuracy":"","speed":"","heading":"","en_ligne":"1","disponible":"0","en_course":"0","updated_at":1756986151128}}
2025-09-04 12:42:31 [INFO] Préparation mise à jour position chauffeur {"key":"chauffeur:39","chauffeurId":"39","update":{"latitude":48.8566,"longitude":2.3522,"accuracy":"","speed":"","heading":"","en_ligne":"1","disponible":"0","en_course":"0","updated_at":1756986151129}}
2025-09-04 12:42:31 [INFO] Préparation mise à jour position chauffeur {"key":"chauffeur:39","chauffeurId":"39","update":{"latitude":48.8566,"longitude":2.3522,"accuracy":"","speed":"","heading":"","en_ligne":"1","disponible":"0","en_course":"0","updated_at":1756986151129}}
2025-09-04 12:42:31 [INFO] MQTT message reçu {"topic":"chauffeur/39/position","bytes":109}
2025-09-04 12:42:31 [INFO] MQTT message parsé {"topic":"chauffeur/39/position","type":"general_position","keys":["type","chauffeur_id","data"]}
2025-09-04 12:42:31 [INFO] MQTT message reçu {"topic":"chauffeur/39/position","bytes":109}
2025-09-04 12:42:31 [INFO] MQTT message parsé {"topic":"chauffeur/39/position","type":"general_position","keys":["type","chauffeur_id","data"]}
2025-09-04 12:42:31 [INFO] MQTT message reçu {"topic":"chauffeur/39/position","bytes":109}
2025-09-04 12:42:31 [INFO] MQTT message parsé {"topic":"chauffeur/39/position","type":"general_position","keys":["type","chauffeur_id","data"]}
2025-09-04 12:42:31 [INFO] MQTT message reçu {"topic":"chauffeur/39/position","bytes":109}
2025-09-04 12:42:31 [INFO] MQTT message parsé {"topic":"chauffeur/39/position","type":"general_position","keys":["type","chauffeur_id","data"]}
2025-09-04 12:42:31 [INFO] Préparation mise à jour position chauffeur {"key":"chauffeur:39","chauffeurId":"39","update":{"latitude":48.8566,"longitude":2.3522,"accuracy":"","speed":"","heading":"","en_ligne":"1","disponible":"0","en_course":"0","updated_at":1756986151130}}
2025-09-04 12:42:31 [INFO] Mise à jour Redis position chauffeur effectuée {"key":"chauffeur:39","fields":["latitude","longitude","accuracy","speed","heading","en_ligne","disponible","en_course","updated_at"]}
2025-09-04 12:42:31 [INFO] MQTT message reçu {"topic":"chauffeur/39/position","bytes":109}
2025-09-04 12:42:31 [INFO] MQTT message parsé {"topic":"chauffeur/39/position","type":"general_position","keys":["type","chauffeur_id","data"]}
2025-09-04 12:42:31 [INFO] MQTT message reçu {"topic":"chauffeur/39/position","bytes":109}
2025-09-04 12:42:31 [INFO] MQTT message parsé {"topic":"chauffeur/39/position","type":"general_position","keys":["type","chauffeur_id","data"]}
2025-09-04 12:42:31 [INFO] MQTT message reçu {"topic":"chauffeur/39/position","bytes":109}
2025-09-04 12:42:31 [INFO] MQTT message parsé {"topic":"chauffeur/39/position","type":"general_position","keys":["type","chauffeur_id","data"]}
2025-09-04 12:42:31 [INFO] MQTT message reçu {"topic":"chauffeur/39/status","bytes":196}
2025-09-04 12:42:31 [INFO] MQTT message parsé {"topic":"chauffeur/39/status","type":null,"keys":["chauffeur_id","disponible","en_ligne","en_course","latitude","longitude"]}
2025-09-04 12:42:31 [INFO] MQTT message reçu {"topic":"chauffeur/39/position","bytes":109}
2025-09-04 12:42:31 [INFO] MQTT message parsé {"topic":"chauffeur/39/position","type":"general_position","keys":["type","chauffeur_id","data"]}
2025-09-04 12:42:31 [INFO] Préparation mise à jour position chauffeur {"key":"chauffeur:39","chauffeurId":"39","update":{"latitude":48.8566,"longitude":2.3522,"accuracy":"","speed":"","heading":"","en_ligne":"1","disponible":"0","en_course":"0","updated_at":1756986151267}}
2025-09-04 12:42:31 [INFO] Préparation mise à jour position chauffeur {"key":"chauffeur:39","chauffeurId":"39","update":{"latitude":48.8566,"longitude":2.3522,"accuracy":"","speed":"","heading":"","en_ligne":"1","disponible":"0","en_course":"0","updated_at":1756986151268}}
2025-09-04 12:42:31 [INFO] Préparation mise à jour position chauffeur {"key":"chauffeur:39","chauffeurId":"39","update":{"latitude":48.8566,"longitude":2.3522,"accuracy":"","speed":"","heading":"","en_ligne":"1","disponible":"0","en_course":"0","updated_at":1756986151268}}
2025-09-04 12:42:31 [INFO] MQTT message reçu {"topic":"chauffeur/39/position","bytes":109}
2025-09-04 12:42:31 [INFO] MQTT message parsé {"topic":"chauffeur/39/position","type":"general_position","keys":["type","chauffeur_id","data"]}
2025-09-04 12:42:31 [INFO] MQTT message reçu {"topic":"chauffeur/39/position","bytes":109}
2025-09-04 12:42:31 [INFO] MQTT message parsé {"topic":"chauffeur/39/position","type":"general_position","keys":["type","chauffeur_id","data"]}
2025-09-04 12:42:31 [INFO] MQTT message reçu {"topic":"chauffeur/39/position","bytes":109}
2025-09-04 12:42:31 [INFO] MQTT message parsé {"topic":"chauffeur/39/position","type":"general_position","keys":["type","chauffeur_id","data"]}
2025-09-04 12:42:31 [INFO] MQTT message reçu {"topic":"chauffeur/39/position","bytes":109}
2025-09-04 12:42:31 [INFO] MQTT message parsé {"topic":"chauffeur/39/position","type":"general_position","keys":["type","chauffeur_id","data"]}
2025-09-04 12:42:31 [INFO] MQTT message reçu {"topic":"chauffeur/39/position","bytes":109}
2025-09-04 12:42:31 [INFO] MQTT message parsé {"topic":"chauffeur/39/position","type":"general_position","keys":["type","chauffeur_id","data"]}
2025-09-04 12:42:31 [INFO] MQTT message reçu {"topic":"chauffeur/39/position","bytes":109}
2025-09-04 12:42:31 [INFO] MQTT message parsé {"topic":"chauffeur/39/position","type":"general_position","keys":["type","chauffeur_id","data"]}
2025-09-04 12:42:31 [INFO] MQTT message reçu {"topic":"chauffeur/39/status","bytes":196}
2025-09-04 12:42:31 [INFO] MQTT message parsé {"topic":"chauffeur/39/status","type":null,"keys":["chauffeur_id","disponible","en_ligne","en_course","latitude","longitude"]}
2025-09-04 12:42:31 [INFO] MQTT message reçu {"topic":"chauffeur/39/status","bytes":196}
2025-09-04 12:42:31 [INFO] MQTT message parsé {"topic":"chauffeur/39/status","type":null,"keys":["chauffeur_id","disponible","en_ligne","en_course","latitude","longitude"]}
2025-09-04 12:42:31 [INFO] MQTT message reçu {"topic":"chauffeur/39/position","bytes":109}
2025-09-04 12:42:31 [INFO] MQTT message parsé {"topic":"chauffeur/39/position","type":"general_position","keys":["type","chauffeur_id","data"]}
2025-09-04 12:42:31 [INFO] MQTT message reçu {"topic":"chauffeur/39/position","bytes":109}
2025-09-04 12:42:31 [INFO] MQTT message parsé {"topic":"chauffeur/39/position","type":"general_position","keys":["type","chauffeur_id","data"]}
2025-09-04 12:42:31 [INFO] Préparation mise à jour position chauffeur {"key":"chauffeur:39","chauffeurId":"39","update":{"latitude":48.8566,"longitude":2.3522,"accuracy":"","speed":"","heading":"","en_ligne":"1","disponible":"0","en_course":"0","updated_at":1756986151385}}
2025-09-04 12:42:31 [INFO] Préparation mise à jour position chauffeur {"key":"chauffeur:39","chauffeurId":"39","update":{"latitude":48.8566,"longitude":2.3522,"accuracy":"","speed":"","heading":"","en_ligne":"1","disponible":"0","en_course":"0","updated_at":1756986151387}}
2025-09-04 12:42:31 [INFO] Préparation mise à jour position chauffeur {"key":"chauffeur:39","chauffeurId":"39","update":{"latitude":48.8566,"longitude":2.3522,"accuracy":"","speed":"","heading":"","en_ligne":"1","disponible":"0","en_course":"0","updated_at":1756986151391}}
2025-09-04 12:42:31 [INFO] Préparation mise à jour position chauffeur {"key":"chauffeur:39","chauffeurId":"39","update":{"latitude":48.8566,"longitude":2.3522,"accuracy":"","speed":"","heading":"","en_ligne":"1","disponible":"0","en_course":"0","updated_at":1756986151392}}
2025-09-04 12:42:31 [INFO] Mise à jour Redis position chauffeur effectuée {"key":"chauffeur:39","fields":["latitude","longitude","accuracy","speed","heading","en_ligne","disponible","en_course","updated_at"]}
2025-09-04 12:42:31 [INFO] Mise à jour Redis position chauffeur effectuée {"key":"chauffeur:39","fields":["latitude","longitude","accuracy","speed","heading","en_ligne","disponible","en_course","updated_at"]}
2025-09-04 12:42:31 [INFO] Mise à jour Redis position chauffeur effectuée {"key":"chauffeur:39","fields":["latitude","longitude","accuracy","speed","heading","en_ligne","disponible","en_course","updated_at"]}
2025-09-04 12:42:31 [INFO] Préparation mise à jour position chauffeur {"key":"chauffeur:39","chauffeurId":"39","update":{"latitude":48.8566,"longitude":2.3522,"accuracy":"","speed":"","heading":"","en_ligne":"1","disponible":"0","en_course":"0","updated_at":1756986151409}}
2025-09-04 12:42:31 [INFO] Préparation mise à jour position chauffeur {"key":"chauffeur:39","chauffeurId":"39","update":{"latitude":48.8566,"longitude":2.3522,"accuracy":"","speed":"","heading":"","en_ligne":"1","disponible":"0","en_course":"0","updated_at":1756986151410}}
2025-09-04 12:42:31 [INFO] Préparation mise à jour position chauffeur {"key":"chauffeur:39","chauffeurId":"39","update":{"latitude":48.8566,"longitude":2.3522,"accuracy":"","speed":"","heading":"","en_ligne":"1","disponible":"0","en_course":"0","updated_at":1756986151535}}
2025-09-04 12:42:31 [INFO] Préparation mise à jour position chauffeur {"key":"chauffeur:39","chauffeurId":"39","update":{"latitude":48.8566,"longitude":2.3522,"accuracy":"","speed":"","heading":"","en_ligne":"1","disponible":"0","en_course":"0","updated_at":1756986151537}}
2025-09-04 12:42:31 [INFO] Mise à jour Redis position chauffeur effectuée {"key":"chauffeur:39","fields":["latitude","longitude","accuracy","speed","heading","en_ligne","disponible","en_course","updated_at"]}
2025-09-04 12:42:31 [INFO] Mise à jour Redis position chauffeur effectuée {"key":"chauffeur:39","fields":["latitude","longitude","accuracy","speed","heading","en_ligne","disponible","en_course","updated_at"]}
2025-09-04 12:42:31 [INFO] MQTT message reçu {"topic":"chauffeur/39/position","bytes":109}
2025-09-04 12:42:31 [INFO] MQTT message parsé {"topic":"chauffeur/39/position","type":"general_position","keys":["type","chauffeur_id","data"]}
2025-09-04 12:42:31 [INFO] MQTT message reçu {"topic":"chauffeur/39/position","bytes":109}
2025-09-04 12:42:31 [INFO] MQTT message parsé {"topic":"chauffeur/39/position","type":"general_position","keys":["type","chauffeur_id","data"]}
2025-09-04 12:42:31 [INFO] MQTT message reçu {"topic":"chauffeur/39/position","bytes":109}
2025-09-04 12:42:31 [INFO] MQTT message parsé {"topic":"chauffeur/39/position","type":"general_position","keys":["type","chauffeur_id","data"]}
2025-09-04 12:42:31 [INFO] MQTT message reçu {"topic":"chauffeur/39/position","bytes":109}
2025-09-04 12:42:31 [INFO] MQTT message parsé {"topic":"chauffeur/39/position","type":"general_position","keys":["type","chauffeur_id","data"]}
2025-09-04 12:42:32 [INFO] MQTT message reçu {"topic":"chauffeur/39/position","bytes":109}
2025-09-04 12:42:32 [INFO] MQTT message parsé {"topic":"chauffeur/39/position","type":"general_position","keys":["type","chauffeur_id","data"]}
2025-09-04 12:42:32 [INFO] MQTT message reçu {"topic":"chauffeur/39/position","bytes":109}
2025-09-04 12:42:32 [INFO] MQTT message parsé {"topic":"chauffeur/39/position","type":"general_position","keys":["type","chauffeur_id","data"]}
2025-09-04 12:42:32 [INFO] MQTT message reçu {"topic":"chauffeur/39/position","bytes":109}
2025-09-04 12:42:32 [INFO] MQTT message parsé {"topic":"chauffeur/39/position","type":"general_position","keys":["type","chauffeur_id","data"]}
2025-09-04 12:42:32 [INFO] MQTT message reçu {"topic":"chauffeur/39/position","bytes":109}
2025-09-04 12:42:32 [INFO] MQTT message parsé {"topic":"chauffeur/39/position","type":"general_position","keys":["type","chauffeur_id","data"]}
2025-09-04 12:42:32 [INFO] MQTT message reçu {"topic":"chauffeur/39/position","bytes":109}
2025-09-04 12:42:32 [INFO] MQTT message parsé {"topic":"chauffeur/39/position","type":"general_position","keys":["type","chauffeur_id","data"]}
2025-09-04 12:42:32 [INFO] MQTT message reçu {"topic":"chauffeur/39/status","bytes":196}
2025-09-04 12:42:32 [INFO] MQTT message parsé {"topic":"chauffeur/39/status","type":null,"keys":["chauffeur_id","disponible","en_ligne","en_course","latitude","longitude"]}
2025-09-04 12:42:32 [INFO] MQTT message reçu {"topic":"chauffeur/39/position","bytes":109}
2025-09-04 12:42:32 [INFO] MQTT message parsé {"topic":"chauffeur/39/position","type":"general_position","keys":["type","chauffeur_id","data"]}
2025-09-04 12:42:32 [INFO] Mise à jour Redis position chauffeur effectuée {"key":"chauffeur:39","fields":["latitude","longitude","accuracy","speed","heading","en_ligne","disponible","en_course","updated_at"]}
2025-09-04 12:42:32 [INFO] Mise à jour Redis position chauffeur effectuée {"key":"chauffeur:39","fields":["latitude","longitude","accuracy","speed","heading","en_ligne","disponible","en_course","updated_at"]}
2025-09-04 12:42:32 [INFO] Préparation mise à jour position chauffeur {"key":"chauffeur:39","chauffeurId":"39","update":{"latitude":48.8566,"longitude":2.3522,"accuracy":"","speed":"","heading":"","en_ligne":"1","disponible":"0","en_course":"0","updated_at":1756986151557}}
2025-09-04 12:42:32 [INFO] Préparation mise à jour position chauffeur {"key":"chauffeur:39","chauffeurId":"39","update":{"latitude":48.8566,"longitude":2.3522,"accuracy":"","speed":"","heading":"","en_ligne":"1","disponible":"0","en_course":"0","updated_at":1756986151690}}
2025-09-04 12:42:32 [INFO] Préparation mise à jour position chauffeur {"key":"chauffeur:39","chauffeurId":"39","update":{"latitude":48.8566,"longitude":2.3522,"accuracy":"","speed":"","heading":"","en_ligne":"1","disponible":"0","en_course":"0","updated_at":1756986151691}}
2025-09-04 12:42:32 [INFO] Préparation mise à jour position chauffeur {"key":"chauffeur:39","chauffeurId":"39","update":{"latitude":48.8566,"longitude":2.3522,"accuracy":"","speed":"","heading":"","en_ligne":"1","disponible":"0","en_course":"0","updated_at":1756986151692}}
2025-09-04 12:42:32 [INFO] Préparation mise à jour position chauffeur {"key":"chauffeur:39","chauffeurId":"39","update":{"latitude":48.8566,"longitude":2.3522,"accuracy":"","speed":"","heading":"","en_ligne":"1","disponible":"0","en_course":"0","updated_at":1756986151694}}
2025-09-04 12:42:32 [INFO] Préparation mise à jour position chauffeur {"key":"chauffeur:39","chauffeurId":"39","update":{"latitude":48.8566,"longitude":2.3522,"accuracy":"","speed":"","heading":"","en_ligne":"1","disponible":"0","en_course":"0","updated_at":1756986151707}}
2025-09-04 12:42:32 [INFO] Préparation mise à jour position chauffeur {"key":"chauffeur:39","chauffeurId":"39","update":{"latitude":48.8566,"longitude":2.3522,"accuracy":"","speed":"","heading":"","en_ligne":"1","disponible":"0","en_course":"0","updated_at":1756986151712}}
2025-09-04 12:42:32 [INFO] Préparation mise à jour position chauffeur {"key":"chauffeur:39","chauffeurId":"39","update":{"latitude":48.8566,"longitude":2.3522,"accuracy":"","speed":"","heading":"","en_ligne":"1","disponible":"0","en_course":"0","updated_at":1756986151712}}
2025-09-04 12:42:32 [INFO] Mise à jour Redis position chauffeur effectuée {"key":"chauffeur:39","fields":["latitude","longitude","accuracy","speed","heading","en_ligne","disponible","en_course","updated_at"]}
2025-09-04 12:42:32 [INFO] Mise à jour Redis position chauffeur effectuée {"key":"chauffeur:39","fields":["latitude","longitude","accuracy","speed","heading","en_ligne","disponible","en_course","updated_at"]}
2025-09-04 12:42:32 [INFO] MQTT message reçu {"topic":"chauffeur/39/position","bytes":109}
2025-09-04 12:42:32 [INFO] MQTT message parsé {"topic":"chauffeur/39/position","type":"general_position","keys":["type","chauffeur_id","data"]}
2025-09-04 12:42:32 [INFO] Mise à jour Redis position chauffeur effectuée {"key":"chauffeur:39","fields":["latitude","longitude","accuracy","speed","heading","en_ligne","disponible","en_course","updated_at"]}
2025-09-04 12:42:32 [INFO] Mise à jour Redis position chauffeur effectuée {"key":"chauffeur:39","fields":["latitude","longitude","accuracy","speed","heading","en_ligne","disponible","en_course","updated_at"]}
2025-09-04 12:42:32 [INFO] Mise à jour Redis position chauffeur effectuée {"key":"chauffeur:39","fields":["latitude","longitude","accuracy","speed","heading","en_ligne","disponible","en_course","updated_at"]}
2025-09-04 12:42:32 [INFO] Préparation mise à jour position chauffeur {"key":"chauffeur:39","chauffeurId":"39","update":{"latitude":48.8566,"longitude":2.3522,"accuracy":"","speed":"","heading":"","en_ligne":"1","disponible":"0","en_course":"0","updated_at":1756986151909}}
2025-09-04 12:42:32 [INFO] Préparation mise à jour position chauffeur {"key":"chauffeur:39","chauffeurId":"39","update":{"latitude":48.8566,"longitude":2.3522,"accuracy":"","speed":"","heading":"","en_ligne":"1","disponible":"0","en_course":"0","updated_at":1756986151911}}
2025-09-04 12:42:32 [INFO] Préparation mise à jour position chauffeur {"key":"chauffeur:39","chauffeurId":"39","update":{"latitude":48.8566,"longitude":2.3522,"accuracy":"","speed":"","heading":"","en_ligne":"1","disponible":"0","en_course":"0","updated_at":1756986151919}}
2025-09-04 12:42:32 [INFO] Préparation mise à jour position chauffeur {"key":"chauffeur:39","chauffeurId":"39","update":{"latitude":48.8566,"longitude":2.3522,"accuracy":"","speed":"","heading":"","en_ligne":"1","disponible":"0","en_course":"0","updated_at":1756986151920}}
2025-09-04 12:42:32 [INFO] Préparation mise à jour position chauffeur {"key":"chauffeur:39","chauffeurId":"39","update":{"latitude":48.8566,"longitude":2.3522,"accuracy":"","speed":"","heading":"","en_ligne":"1","disponible":"0","en_course":"0","updated_at":1756986152062}}
2025-09-04 12:42:32 [INFO] Préparation mise à jour position chauffeur {"key":"chauffeur:39","chauffeurId":"39","update":{"latitude":48.8566,"longitude":2.3522,"accuracy":"","speed":"","heading":"","en_ligne":"1","disponible":"0","en_course":"0","updated_at":1756986152064}}
2025-09-04 12:42:32 [INFO] Préparation mise à jour position chauffeur {"key":"chauffeur:39","chauffeurId":"39","update":{"latitude":48.8566,"longitude":2.3522,"accuracy":"","speed":"","heading":"","en_ligne":"1","disponible":"0","en_course":"0","updated_at":1756986152066}}
2025-09-04 12:42:32 [INFO] Préparation mise à jour position chauffeur {"key":"chauffeur:39","chauffeurId":"39","update":{"latitude":48.8566,"longitude":2.3522,"accuracy":"","speed":"","heading":"","en_ligne":"1","disponible":"0","en_course":"0","updated_at":1756986152072}}
2025-09-04 12:42:32 [INFO] Préparation mise à jour position chauffeur {"key":"chauffeur:39","chauffeurId":"39","update":{"latitude":48.8566,"longitude":2.3522,"accuracy":"","speed":"","heading":"","en_ligne":"1","disponible":"0","en_course":"0","updated_at":1756986152074}}
2025-09-04 12:42:32 [INFO] MQTT message reçu {"topic":"chauffeur/39/position","bytes":109}
2025-09-04 12:42:32 [INFO] MQTT message parsé {"topic":"chauffeur/39/position","type":"general_position","keys":["type","chauffeur_id","data"]}
2025-09-04 12:42:32 [INFO] MQTT message reçu {"topic":"chauffeur/39/position","bytes":109}
2025-09-04 12:42:32 [INFO] MQTT message parsé {"topic":"chauffeur/39/position","type":"general_position","keys":["type","chauffeur_id","data"]}
2025-09-04 12:42:32 [INFO] MQTT message reçu {"topic":"chauffeur/39/position","bytes":109}
2025-09-04 12:42:32 [INFO] MQTT message parsé {"topic":"chauffeur/39/position","type":"general_position","keys":["type","chauffeur_id","data"]}
2025-09-04 12:42:32 [INFO] MQTT message reçu {"topic":"chauffeur/39/status","bytes":196}
2025-09-04 12:42:32 [INFO] MQTT message parsé {"topic":"chauffeur/39/status","type":null,"keys":["chauffeur_id","disponible","en_ligne","en_course","latitude","longitude"]}
2025-09-04 12:42:32 [INFO] MQTT message reçu {"topic":"chauffeur/39/position","bytes":109}
2025-09-04 12:42:32 [INFO] MQTT message parsé {"topic":"chauffeur/39/position","type":"general_position","keys":["type","chauffeur_id","data"]}
2025-09-04 12:42:32 [INFO] MQTT message reçu {"topic":"chauffeur/39/position","bytes":109}
2025-09-04 12:42:32 [INFO] MQTT message parsé {"topic":"chauffeur/39/position","type":"general_position","keys":["type","chauffeur_id","data"]}
2025-09-04 12:42:32 [INFO] Préparation mise à jour position chauffeur {"key":"chauffeur:39","chauffeurId":"39","update":{"latitude":48.8566,"longitude":2.3522,"accuracy":"","speed":"","heading":"","en_ligne":"1","disponible":"0","en_course":"0","updated_at":1756986152079}}
2025-09-04 12:42:32 [INFO] Mise à jour Redis position chauffeur effectuée {"key":"chauffeur:39","fields":["latitude","longitude","accuracy","speed","heading","en_ligne","disponible","en_course","updated_at"]}
2025-09-04 12:42:32 [INFO] Mise à jour Redis position chauffeur effectuée {"key":"chauffeur:39","fields":["latitude","longitude","accuracy","speed","heading","en_ligne","disponible","en_course","updated_at"]}
2025-09-04 12:42:32 [INFO] Mise à jour Redis position chauffeur effectuée {"key":"chauffeur:39","fields":["latitude","longitude","accuracy","speed","heading","en_ligne","disponible","en_course","updated_at"]}
2025-09-04 12:42:32 [INFO] Mise à jour Redis position chauffeur effectuée {"key":"chauffeur:39","fields":["latitude","longitude","accuracy","speed","heading","en_ligne","disponible","en_course","updated_at"]}
2025-09-04 12:42:32 [INFO] Mise à jour Redis position chauffeur effectuée {"key":"chauffeur:39","fields":["latitude","longitude","accuracy","speed","heading","en_ligne","disponible","en_course","updated_at"]}
2025-09-04 12:42:32 [INFO] Mise à jour Redis position chauffeur effectuée {"key":"chauffeur:39","fields":["latitude","longitude","accuracy","speed","heading","en_ligne","disponible","en_course","updated_at"]}
2025-09-04 12:42:32 [INFO] Mise à jour Redis position chauffeur effectuée {"key":"chauffeur:39","fields":["latitude","longitude","accuracy","speed","heading","en_ligne","disponible","en_course","updated_at"]}
2025-09-04 12:42:32 [INFO] Mise à jour Redis position chauffeur effectuée {"key":"chauffeur:39","fields":["latitude","longitude","accuracy","speed","heading","en_ligne","disponible","en_course","updated_at"]}
2025-09-04 12:42:32 [INFO] Préparation mise à jour position chauffeur {"key":"chauffeur:39","chauffeurId":"39","update":{"latitude":48.8566,"longitude":2.3522,"accuracy":"","speed":"","heading":"","en_ligne":"1","disponible":"0","en_course":"0","updated_at":1756986152271}}
2025-09-04 12:42:32 [INFO] Préparation mise à jour position chauffeur {"key":"chauffeur:39","chauffeurId":"39","update":{"latitude":48.8566,"longitude":2.3522,"accuracy":"","speed":"","heading":"","en_ligne":"1","disponible":"0","en_course":"0","updated_at":1756986152461}}
2025-09-04 12:42:32 [INFO] Préparation mise à jour position chauffeur {"key":"chauffeur:39","chauffeurId":"39","update":{"latitude":48.8566,"longitude":2.3522,"accuracy":"","speed":"","heading":"","en_ligne":"1","disponible":"0","en_course":"0","updated_at":1756986152463}}
2025-09-04 12:42:32 [INFO] Préparation mise à jour position chauffeur {"key":"chauffeur:39","chauffeurId":"39","update":{"latitude":48.8566,"longitude":2.3522,"accuracy":"","speed":"","heading":"","en_ligne":"1","disponible":"0","en_course":"0","updated_at":1756986152463}}
2025-09-04 12:42:32 [INFO] Préparation mise à jour position chauffeur {"key":"chauffeur:39","chauffeurId":"39","update":{"latitude":48.8566,"longitude":2.3522,"accuracy":"","speed":"","heading":"","en_ligne":"1","disponible":"0","en_course":"0","updated_at":1756986152465}}
2025-09-04 12:42:32 [INFO] Préparation mise à jour position chauffeur {"key":"chauffeur:39","chauffeurId":"39","update":{"latitude":48.8566,"longitude":2.3522,"accuracy":"","speed":"","heading":"","en_ligne":"1","disponible":"0","en_course":"0","updated_at":1756986152466}}
2025-09-04 12:42:32 [INFO] Mise à jour Redis position chauffeur effectuée {"key":"chauffeur:39","fields":["latitude","longitude","accuracy","speed","heading","en_ligne","disponible","en_course","updated_at"]}
2025-09-04 12:42:32 [INFO] Mise à jour Redis position chauffeur effectuée {"key":"chauffeur:39","fields":["latitude","longitude","accuracy","speed","heading","en_ligne","disponible","en_course","updated_at"]}
2025-09-04 12:42:32 [INFO] Mise à jour Redis position chauffeur effectuée {"key":"chauffeur:39","fields":["latitude","longitude","accuracy","speed","heading","en_ligne","disponible","en_course","updated_at"]}
2025-09-04 12:42:32 [INFO] Mise à jour Redis position chauffeur effectuée {"key":"chauffeur:39","fields":["latitude","longitude","accuracy","speed","heading","en_ligne","disponible","en_course","updated_at"]}
2025-09-04 12:42:32 [INFO] Mise à jour Redis position chauffeur effectuée {"key":"chauffeur:39","fields":["latitude","longitude","accuracy","speed","heading","en_ligne","disponible","en_course","updated_at"]}
2025-09-04 12:42:32 [INFO] Mise à jour Redis position chauffeur effectuée {"key":"chauffeur:39","fields":["latitude","longitude","accuracy","speed","heading","en_ligne","disponible","en_course","updated_at"]}
2025-09-04 12:42:32 [INFO] Mise à jour Redis position chauffeur effectuée {"key":"chauffeur:39","fields":["latitude","longitude","accuracy","speed","heading","en_ligne","disponible","en_course","updated_at"]}
2025-09-04 12:42:32 [INFO] MQTT message reçu {"topic":"chauffeur/39/status","bytes":196}
2025-09-04 12:42:32 [INFO] MQTT message parsé {"topic":"chauffeur/39/status","type":null,"keys":["chauffeur_id","disponible","en_ligne","en_course","latitude","longitude"]}
2025-09-04 12:42:32 [INFO] MQTT message reçu {"topic":"chauffeur/39/position","bytes":109}
2025-09-04 12:42:32 [INFO] MQTT message parsé {"topic":"chauffeur/39/position","type":"general_position","keys":["type","chauffeur_id","data"]}
2025-09-04 12:42:32 [INFO] MQTT message reçu {"topic":"chauffeur/39/position","bytes":109}
2025-09-04 12:42:32 [INFO] MQTT message parsé {"topic":"chauffeur/39/position","type":"general_position","keys":["type","chauffeur_id","data"]}
2025-09-04 12:42:32 [INFO] MQTT message reçu {"topic":"chauffeur/39/position","bytes":109}
2025-09-04 12:42:32 [INFO] MQTT message parsé {"topic":"chauffeur/39/position","type":"general_position","keys":["type","chauffeur_id","data"]}
2025-09-04 12:42:32 [INFO] MQTT message reçu {"topic":"chauffeur/39/position","bytes":109}
2025-09-04 12:42:32 [INFO] MQTT message parsé {"topic":"chauffeur/39/position","type":"general_position","keys":["type","chauffeur_id","data"]}
2025-09-04 12:42:32 [INFO] MQTT message reçu {"topic":"chauffeur/39/position","bytes":109}
2025-09-04 12:42:32 [INFO] MQTT message parsé {"topic":"chauffeur/39/position","type":"general_position","keys":["type","chauffeur_id","data"]}
2025-09-04 12:42:32 [INFO] MQTT message reçu {"topic":"chauffeur/39/position","bytes":109}
2025-09-04 12:42:32 [INFO] MQTT message parsé {"topic":"chauffeur/39/position","type":"general_position","keys":["type","chauffeur_id","data"]}
2025-09-04 12:42:32 [INFO] MQTT message reçu {"topic":"chauffeur/39/status","bytes":196}
2025-09-04 12:42:32 [INFO] MQTT message parsé {"topic":"chauffeur/39/status","type":null,"keys":["chauffeur_id","disponible","en_ligne","en_course","latitude","longitude"]}
2025-09-04 12:42:32 [INFO] MQTT message reçu {"topic":"chauffeur/39/position","bytes":109}
2025-09-04 12:42:32 [INFO] MQTT message parsé {"topic":"chauffeur/39/position","type":"general_position","keys":["type","chauffeur_id","data"]}
2025-09-04 12:42:32 [INFO] MQTT message reçu {"topic":"chauffeur/39/position","bytes":109}
2025-09-04 12:42:32 [INFO] MQTT message parsé {"topic":"chauffeur/39/position","type":"general_position","keys":["type","chauffeur_id","data"]}
2025-09-04 12:42:32 [INFO] MQTT message reçu {"topic":"chauffeur/39/position","bytes":109}
2025-09-04 12:42:32 [INFO] MQTT message parsé {"topic":"chauffeur/39/position","type":"general_position","keys":["type","chauffeur_id","data"]}
2025-09-04 12:42:33 [INFO] Mise à jour Redis position chauffeur effectuée {"key":"chauffeur:39","fields":["latitude","longitude","accuracy","speed","heading","en_ligne","disponible","en_course","updated_at"]}
2025-09-04 12:42:33 [INFO] Mise à jour Redis position chauffeur effectuée {"key":"chauffeur:39","fields":["latitude","longitude","accuracy","speed","heading","en_ligne","disponible","en_course","updated_at"]}
2025-09-04 12:42:33 [INFO] Mise à jour Redis position chauffeur effectuée {"key":"chauffeur:39","fields":["latitude","longitude","accuracy","speed","heading","en_ligne","disponible","en_course","updated_at"]}
2025-09-04 12:42:33 [INFO] Mise à jour Redis position chauffeur effectuée {"key":"chauffeur:39","fields":["latitude","longitude","accuracy","speed","heading","en_ligne","disponible","en_course","updated_at"]}
2025-09-04 12:42:33 [INFO] Mise à jour Redis position chauffeur effectuée {"key":"chauffeur:39","fields":["latitude","longitude","accuracy","speed","heading","en_ligne","disponible","en_course","updated_at"]}
2025-09-04 12:42:33 [INFO] Mise à jour Redis position chauffeur effectuée {"key":"chauffeur:39","fields":["latitude","longitude","accuracy","speed","heading","en_ligne","disponible","en_course","updated_at"]}
2025-09-04 12:42:33 [INFO] Mise à jour Redis position chauffeur effectuée {"key":"chauffeur:39","fields":["latitude","longitude","accuracy","speed","heading","en_ligne","disponible","en_course","updated_at"]}
2025-09-04 12:42:33 [INFO] Mise à jour Redis position chauffeur effectuée {"key":"chauffeur:39","fields":["latitude","longitude","accuracy","speed","heading","en_ligne","disponible","en_course","updated_at"]}
2025-09-04 12:42:33 [INFO] Mise à jour Redis position chauffeur effectuée {"key":"chauffeur:39","fields":["latitude","longitude","accuracy","speed","heading","en_ligne","disponible","en_course","updated_at"]}
2025-09-04 12:42:33 [INFO] Mise à jour Redis position chauffeur effectuée {"key":"chauffeur:39","fields":["latitude","longitude","accuracy","speed","heading","en_ligne","disponible","en_course","updated_at"]}
2025-09-04 12:42:33 [INFO] Mise à jour Redis position chauffeur effectuée {"key":"chauffeur:39","fields":["latitude","longitude","accuracy","speed","heading","en_ligne","disponible","en_course","updated_at"]}
2025-09-04 12:42:33 [INFO] Préparation mise à jour position chauffeur {"key":"chauffeur:39","chauffeurId":"39","update":{"latitude":48.8566,"longitude":2.3522,"accuracy":"","speed":"","heading":"","en_ligne":"1","disponible":"0","en_course":"0","updated_at":1756986152764}}
2025-09-04 12:42:33 [INFO] Préparation mise à jour position chauffeur {"key":"chauffeur:39","chauffeurId":"39","update":{"latitude":48.8566,"longitude":2.3522,"accuracy":"","speed":"","heading":"","en_ligne":"1","disponible":"0","en_course":"0","updated_at":1756986152765}}
2025-09-04 12:42:33 [INFO] Préparation mise à jour position chauffeur {"key":"chauffeur:39","chauffeurId":"39","update":{"latitude":48.8566,"longitude":2.3522,"accuracy":"","speed":"","heading":"","en_ligne":"1","disponible":"0","en_course":"0","updated_at":1756986152766}}
2025-09-04 12:42:33 [INFO] Préparation mise à jour position chauffeur {"key":"chauffeur:39","chauffeurId":"39","update":{"latitude":48.8566,"longitude":2.3522,"accuracy":"","speed":"","heading":"","en_ligne":"1","disponible":"0","en_course":"0","updated_at":1756986152768}}
2025-09-04 12:42:33 [INFO] MQTT message reçu {"topic":"chauffeur/39/position","bytes":109}
2025-09-04 12:42:33 [INFO] MQTT message parsé {"topic":"chauffeur/39/position","type":"general_position","keys":["type","chauffeur_id","data"]}
2025-09-04 12:42:33 [INFO] MQTT message reçu {"topic":"chauffeur/39/position","bytes":109}
2025-09-04 12:42:33 [INFO] MQTT message parsé {"topic":"chauffeur/39/position","type":"general_position","keys":["type","chauffeur_id","data"]}
2025-09-04 12:42:33 [INFO] MQTT message reçu {"topic":"chauffeur/39/position","bytes":109}
2025-09-04 12:42:33 [INFO] MQTT message parsé {"topic":"chauffeur/39/position","type":"general_position","keys":["type","chauffeur_id","data"]}
2025-09-04 12:42:33 [INFO] MQTT message reçu {"topic":"chauffeur/39/position","bytes":109}
2025-09-04 12:42:33 [INFO] MQTT message parsé {"topic":"chauffeur/39/position","type":"general_position","keys":["type","chauffeur_id","data"]}
2025-09-04 12:42:33 [INFO] MQTT message reçu {"topic":"chauffeur/39/position","bytes":109}
2025-09-04 12:42:33 [INFO] MQTT message parsé {"topic":"chauffeur/39/position","type":"general_position","keys":["type","chauffeur_id","data"]}
2025-09-04 12:42:33 [INFO] MQTT message reçu {"topic":"chauffeur/39/position","bytes":109}
2025-09-04 12:42:33 [INFO] MQTT message parsé {"topic":"chauffeur/39/position","type":"general_position","keys":["type","chauffeur_id","data"]}
2025-09-04 12:42:33 [INFO] MQTT message reçu {"topic":"chauffeur/39/position","bytes":109}
2025-09-04 12:42:33 [INFO] MQTT message parsé {"topic":"chauffeur/39/position","type":"general_position","keys":["type","chauffeur_id","data"]}
2025-09-04 12:42:33 [INFO] Préparation mise à jour position chauffeur {"key":"chauffeur:39","chauffeurId":"39","update":{"latitude":48.8566,"longitude":2.3522,"accuracy":"","speed":"","heading":"","en_ligne":"1","disponible":"0","en_course":"0","updated_at":1756986152897}}
2025-09-04 12:42:33 [INFO] Préparation mise à jour position chauffeur {"key":"chauffeur:39","chauffeurId":"39","update":{"latitude":48.8566,"longitude":2.3522,"accuracy":"","speed":"","heading":"","en_ligne":"1","disponible":"0","en_course":"0","updated_at":1756986152897}}
2025-09-04 12:42:33 [INFO] Préparation mise à jour position chauffeur {"key":"chauffeur:39","chauffeurId":"39","update":{"latitude":48.8566,"longitude":2.3522,"accuracy":"","speed":"","heading":"","en_ligne":"1","disponible":"0","en_course":"0","updated_at":1756986152899}}
2025-09-04 12:42:33 [INFO] Préparation mise à jour position chauffeur {"key":"chauffeur:39","chauffeurId":"39","update":{"latitude":48.8566,"longitude":2.3522,"accuracy":"","speed":"","heading":"","en_ligne":"1","disponible":"0","en_course":"0","updated_at":1756986152900}}
2025-09-04 12:42:33 [INFO] Préparation mise à jour position chauffeur {"key":"chauffeur:39","chauffeurId":"39","update":{"latitude":48.8566,"longitude":2.3522,"accuracy":"","speed":"","heading":"","en_ligne":"1","disponible":"0","en_course":"0","updated_at":1756986152923}}
2025-09-04 12:42:33 [INFO] Mise à jour Redis position chauffeur effectuée {"key":"chauffeur:39","fields":["latitude","longitude","accuracy","speed","heading","en_ligne","disponible","en_course","updated_at"]}
2025-09-04 12:42:33 [INFO] Mise à jour Redis position chauffeur effectuée {"key":"chauffeur:39","fields":["latitude","longitude","accuracy","speed","heading","en_ligne","disponible","en_course","updated_at"]}
2025-09-04 12:42:33 [INFO] Mise à jour Redis position chauffeur effectuée {"key":"chauffeur:39","fields":["latitude","longitude","accuracy","speed","heading","en_ligne","disponible","en_course","updated_at"]}
2025-09-04 12:42:33 [INFO] Mise à jour Redis position chauffeur effectuée {"key":"chauffeur:39","fields":["latitude","longitude","accuracy","speed","heading","en_ligne","disponible","en_course","updated_at"]}
2025-09-04 12:42:33 [INFO] Mise à jour Redis position chauffeur effectuée {"key":"chauffeur:39","fields":["latitude","longitude","accuracy","speed","heading","en_ligne","disponible","en_course","updated_at"]}
2025-09-04 12:42:33 [INFO] Mise à jour Redis position chauffeur effectuée {"key":"chauffeur:39","fields":["latitude","longitude","accuracy","speed","heading","en_ligne","disponible","en_course","updated_at"]}
2025-09-04 12:42:33 [INFO] Préparation mise à jour position chauffeur {"key":"chauffeur:39","chauffeurId":"39","update":{"latitude":48.8566,"longitude":2.3522,"accuracy":"","speed":"","heading":"","en_ligne":"1","disponible":"0","en_course":"0","updated_at":1756986153053}}
2025-09-04 12:42:33 [INFO] Préparation mise à jour position chauffeur {"key":"chauffeur:39","chauffeurId":"39","update":{"latitude":48.8566,"longitude":2.3522,"accuracy":"","speed":"","heading":"","en_ligne":"1","disponible":"0","en_course":"0","updated_at":1756986153054}}
2025-09-04 12:42:33 [INFO] Préparation mise à jour position chauffeur {"key":"chauffeur:39","chauffeurId":"39","update":{"latitude":48.8566,"longitude":2.3522,"accuracy":"","speed":"","heading":"","en_ligne":"1","disponible":"0","en_course":"0","updated_at":1756986153056}}
2025-09-04 12:42:33 [INFO] Préparation mise à jour position chauffeur {"key":"chauffeur:39","chauffeurId":"39","update":{"latitude":48.8566,"longitude":2.3522,"accuracy":"","speed":"","heading":"","en_ligne":"1","disponible":"0","en_course":"0","updated_at":1756986153057}}
2025-09-04 12:42:33 [INFO] Préparation mise à jour position chauffeur {"key":"chauffeur:39","chauffeurId":"39","update":{"latitude":48.8566,"longitude":2.3522,"accuracy":"","speed":"","heading":"","en_ligne":"1","disponible":"0","en_course":"0","updated_at":1756986153080}}
2025-09-04 12:42:33 [INFO] Préparation mise à jour position chauffeur {"key":"chauffeur:39","chauffeurId":"39","update":{"latitude":48.8566,"longitude":2.3522,"accuracy":"","speed":"","heading":"","en_ligne":"1","disponible":"0","en_course":"0","updated_at":1756986153081}}
2025-09-04 12:42:33 [INFO] Préparation mise à jour position chauffeur {"key":"chauffeur:39","chauffeurId":"39","update":{"latitude":48.8566,"longitude":2.3522,"accuracy":"","speed":"","heading":"","en_ligne":"1","disponible":"0","en_course":"0","updated_at":1756986153082}}
2025-09-04 12:42:33 [INFO] MQTT message reçu {"topic":"chauffeur/39/position","bytes":109}
2025-09-04 12:42:33 [INFO] MQTT message parsé {"topic":"chauffeur/39/position","type":"general_position","keys":["type","chauffeur_id","data"]}
2025-09-04 12:42:33 [INFO] MQTT message reçu {"topic":"chauffeur/39/position","bytes":109}
2025-09-04 12:42:33 [INFO] MQTT message parsé {"topic":"chauffeur/39/position","type":"general_position","keys":["type","chauffeur_id","data"]}
2025-09-04 12:42:33 [INFO] MQTT message reçu {"topic":"chauffeur/39/position","bytes":109}
2025-09-04 12:42:33 [INFO] MQTT message parsé {"topic":"chauffeur/39/position","type":"general_position","keys":["type","chauffeur_id","data"]}
2025-09-04 12:42:33 [INFO] MQTT message reçu {"topic":"chauffeur/39/position","bytes":109}
2025-09-04 12:42:33 [INFO] MQTT message parsé {"topic":"chauffeur/39/position","type":"general_position","keys":["type","chauffeur_id","data"]}
2025-09-04 12:42:33 [INFO] MQTT message reçu {"topic":"chauffeur/39/position","bytes":109}
2025-09-04 12:42:33 [INFO] MQTT message parsé {"topic":"chauffeur/39/position","type":"general_position","keys":["type","chauffeur_id","data"]}
2025-09-04 12:42:33 [INFO] MQTT message reçu {"topic":"chauffeur/39/position","bytes":109}
2025-09-04 12:42:33 [INFO] MQTT message parsé {"topic":"chauffeur/39/position","type":"general_position","keys":["type","chauffeur_id","data"]}
2025-09-04 12:42:33 [INFO] MQTT message reçu {"topic":"chauffeur/39/position","bytes":109}
2025-09-04 12:42:33 [INFO] MQTT message parsé {"topic":"chauffeur/39/position","type":"general_position","keys":["type","chauffeur_id","data"]}
2025-09-04 12:42:33 [INFO] MQTT message reçu {"topic":"chauffeur/39/position","bytes":109}
2025-09-04 12:42:33 [INFO] MQTT message parsé {"topic":"chauffeur/39/position","type":"general_position","keys":["type","chauffeur_id","data"]}
2025-09-04 12:42:33 [INFO] MQTT message reçu {"topic":"chauffeur/39/position","bytes":109}
2025-09-04 12:42:33 [INFO] MQTT message parsé {"topic":"chauffeur/39/position","type":"general_position","keys":["type","chauffeur_id","data"]}
2025-09-04 12:42:33 [INFO] MQTT message reçu {"topic":"chauffeur/39/position","bytes":109}
2025-09-04 12:42:33 [INFO] MQTT message parsé {"topic":"chauffeur/39/position","type":"general_position","keys":["type","chauffeur_id","data"]}
2025-09-04 12:42:33 [INFO] MQTT message reçu {"topic":"chauffeur/39/position","bytes":109}
2025-09-04 12:42:33 [INFO] MQTT message parsé {"topic":"chauffeur/39/position","type":"general_position","keys":["type","chauffeur_id","data"]}
2025-09-04 12:42:33 [INFO] Mise à jour Redis position chauffeur effectuée {"key":"chauffeur:39","fields":["latitude","longitude","accuracy","speed","heading","en_ligne","disponible","en_course","updated_at"]}
2025-09-04 12:42:33 [INFO] Mise à jour Redis position chauffeur effectuée {"key":"chauffeur:39","fields":["latitude","longitude","accuracy","speed","heading","en_ligne","disponible","en_course","updated_at"]}
2025-09-04 12:42:33 [INFO] Mise à jour Redis position chauffeur effectuée {"key":"chauffeur:39","fields":["latitude","longitude","accuracy","speed","heading","en_ligne","disponible","en_course","updated_at"]}
2025-09-04 12:42:33 [INFO] Mise à jour Redis position chauffeur effectuée {"key":"chauffeur:39","fields":["latitude","longitude","accuracy","speed","heading","en_ligne","disponible","en_course","updated_at"]}
2025-09-04 12:42:33 [INFO] Mise à jour Redis position chauffeur effectuée {"key":"chauffeur:39","fields":["latitude","longitude","accuracy","speed","heading","en_ligne","disponible","en_course","updated_at"]}
2025-09-04 12:42:33 [INFO] Mise à jour Redis position chauffeur effectuée {"key":"chauffeur:39","fields":["latitude","longitude","accuracy","speed","heading","en_ligne","disponible","en_course","updated_at"]}
2025-09-04 12:42:33 [INFO] Mise à jour Redis position chauffeur effectuée {"key":"chauffeur:39","fields":["latitude","longitude","accuracy","speed","heading","en_ligne","disponible","en_course","updated_at"]}
2025-09-04 12:42:33 [INFO] Mise à jour Redis position chauffeur effectuée {"key":"chauffeur:39","fields":["latitude","longitude","accuracy","speed","heading","en_ligne","disponible","en_course","updated_at"]}
2025-09-04 12:42:33 [INFO] Mise à jour Redis position chauffeur effectuée {"key":"chauffeur:39","fields":["latitude","longitude","accuracy","speed","heading","en_ligne","disponible","en_course","updated_at"]}
2025-09-04 12:42:33 [INFO] Préparation mise à jour position chauffeur {"key":"chauffeur:39","chauffeurId":"39","update":{"latitude":48.8566,"longitude":2.3522,"accuracy":"","speed":"","heading":"","en_ligne":"1","disponible":"0","en_course":"0","updated_at":1756986153543}}
2025-09-04 12:42:33 [INFO] Préparation mise à jour position chauffeur {"key":"chauffeur:39","chauffeurId":"39","update":{"latitude":48.8566,"longitude":2.3522,"accuracy":"","speed":"","heading":"","en_ligne":"1","disponible":"0","en_course":"0","updated_at":1756986153544}}
2025-09-04 12:42:33 [INFO] Préparation mise à jour position chauffeur {"key":"chauffeur:39","chauffeurId":"39","update":{"latitude":48.8566,"longitude":2.3522,"accuracy":"","speed":"","heading":"","en_ligne":"1","disponible":"0","en_course":"0","updated_at":1756986153545}}
2025-09-04 12:42:33 [INFO] Préparation mise à jour position chauffeur {"key":"chauffeur:39","chauffeurId":"39","update":{"latitude":48.8566,"longitude":2.3522,"accuracy":"","speed":"","heading":"","en_ligne":"1","disponible":"0","en_course":"0","updated_at":1756986153545}}
2025-09-04 12:42:33 [INFO] Préparation mise à jour position chauffeur {"key":"chauffeur:39","chauffeurId":"39","update":{"latitude":48.8566,"longitude":2.3522,"accuracy":"","speed":"","heading":"","en_ligne":"1","disponible":"0","en_course":"0","updated_at":1756986153546}}
2025-09-04 12:42:33 [INFO] Préparation mise à jour position chauffeur {"key":"chauffeur:39","chauffeurId":"39","update":{"latitude":48.8566,"longitude":2.3522,"accuracy":"","speed":"","heading":"","en_ligne":"1","disponible":"0","en_course":"0","updated_at":1756986153547}}
2025-09-04 12:42:33 [INFO] Préparation mise à jour position chauffeur {"key":"chauffeur:39","chauffeurId":"39","update":{"latitude":48.8566,"longitude":2.3522,"accuracy":"","speed":"","heading":"","en_ligne":"1","disponible":"0","en_course":"0","updated_at":1756986153554}}
2025-09-04 12:42:33 [INFO] Préparation mise à jour position chauffeur {"key":"chauffeur:39","chauffeurId":"39","update":{"latitude":48.8566,"longitude":2.3522,"accuracy":"","speed":"","heading":"","en_ligne":"1","disponible":"0","en_course":"0","updated_at":1756986153556}}
2025-09-04 12:42:33 [INFO] Préparation mise à jour position chauffeur {"key":"chauffeur:39","chauffeurId":"39","update":{"latitude":48.8566,"longitude":2.3522,"accuracy":"","speed":"","heading":"","en_ligne":"1","disponible":"0","en_course":"0","updated_at":1756986153558}}
2025-09-04 12:42:33 [INFO] Préparation mise à jour position chauffeur {"key":"chauffeur:39","chauffeurId":"39","update":{"latitude":48.8566,"longitude":2.3522,"accuracy":"","speed":"","heading":"","en_ligne":"1","disponible":"0","en_course":"0","updated_at":1756986153559}}
2025-09-04 12:42:33 [INFO] MQTT message reçu {"topic":"chauffeur/39/position","bytes":109}
2025-09-04 12:42:33 [INFO] MQTT message parsé {"topic":"chauffeur/39/position","type":"general_position","keys":["type","chauffeur_id","data"]}
2025-09-04 12:42:33 [INFO] MQTT message reçu {"topic":"chauffeur/39/status","bytes":196}
2025-09-04 12:42:33 [INFO] MQTT message parsé {"topic":"chauffeur/39/status","type":null,"keys":["chauffeur_id","disponible","en_ligne","en_course","latitude","longitude"]}
2025-09-04 12:42:33 [INFO] MQTT message reçu {"topic":"chauffeur/39/position","bytes":109}
2025-09-04 12:42:33 [INFO] MQTT message parsé {"topic":"chauffeur/39/position","type":"general_position","keys":["type","chauffeur_id","data"]}
2025-09-04 12:42:33 [INFO] MQTT message reçu {"topic":"chauffeur/39/position","bytes":109}
2025-09-04 12:42:33 [INFO] MQTT message parsé {"topic":"chauffeur/39/position","type":"general_position","keys":["type","chauffeur_id","data"]}
2025-09-04 12:42:33 [INFO] MQTT message reçu {"topic":"chauffeur/39/position","bytes":109}
2025-09-04 12:42:33 [INFO] MQTT message parsé {"topic":"chauffeur/39/position","type":"general_position","keys":["type","chauffeur_id","data"]}
2025-09-04 12:42:33 [INFO] MQTT message reçu {"topic":"chauffeur/39/position","bytes":109}
2025-09-04 12:42:33 [INFO] MQTT message parsé {"topic":"chauffeur/39/position","type":"general_position","keys":["type","chauffeur_id","data"]}
2025-09-04 12:42:33 [INFO] MQTT message reçu {"topic":"chauffeur/39/position","bytes":109}
2025-09-04 12:42:33 [INFO] MQTT message parsé {"topic":"chauffeur/39/position","type":"general_position","keys":["type","chauffeur_id","data"]}
2025-09-04 12:42:33 [INFO] MQTT message reçu {"topic":"chauffeur/39/position","bytes":109}
2025-09-04 12:42:33 [INFO] MQTT message parsé {"topic":"chauffeur/39/position","type":"general_position","keys":["type","chauffeur_id","data"]}
2025-09-04 12:42:33 [INFO] MQTT message reçu {"topic":"chauffeur/39/position","bytes":109}
2025-09-04 12:42:33 [INFO] MQTT message parsé {"topic":"chauffeur/39/position","type":"general_position","keys":["type","chauffeur_id","data"]}
2025-09-04 12:42:33 [INFO] Préparation mise à jour position chauffeur {"key":"chauffeur:39","chauffeurId":"39","update":{"latitude":48.8566,"longitude":2.3522,"accuracy":"","speed":"","heading":"","en_ligne":"1","disponible":"0","en_course":"0","updated_at":1756986153694}}
2025-09-04 12:42:33 [INFO] Mise à jour Redis position chauffeur effectuée {"key":"chauffeur:39","fields":["latitude","longitude","accuracy","speed","heading","en_ligne","disponible","en_course","updated_at"]}
2025-09-04 12:42:33 [INFO] Mise à jour Redis position chauffeur effectuée {"key":"chauffeur:39","fields":["latitude","longitude","accuracy","speed","heading","en_ligne","disponible","en_course","updated_at"]}
2025-09-04 12:42:33 [INFO] Mise à jour Redis position chauffeur effectuée {"key":"chauffeur:39","fields":["latitude","longitude","accuracy","speed","heading","en_ligne","disponible","en_course","updated_at"]}
2025-09-04 12:42:33 [INFO] Mise à jour Redis position chauffeur effectuée {"key":"chauffeur:39","fields":["latitude","longitude","accuracy","speed","heading","en_ligne","disponible","en_course","updated_at"]}
2025-09-04 12:42:34 [INFO] Mise à jour Redis position chauffeur effectuée {"key":"chauffeur:39","fields":["latitude","longitude","accuracy","speed","heading","en_ligne","disponible","en_course","updated_at"]}
2025-09-04 12:42:34 [INFO] Mise à jour Redis position chauffeur effectuée {"key":"chauffeur:39","fields":["latitude","longitude","accuracy","speed","heading","en_ligne","disponible","en_course","updated_at"]}
2025-09-04 12:42:34 [INFO] Mise à jour Redis position chauffeur effectuée {"key":"chauffeur:39","fields":["latitude","longitude","accuracy","speed","heading","en_ligne","disponible","en_course","updated_at"]}
2025-09-04 12:42:34 [INFO] MQTT message reçu {"topic":"chauffeur/39/position","bytes":109}
2025-09-04 12:42:34 [INFO] MQTT message parsé {"topic":"chauffeur/39/position","type":"general_position","keys":["type","chauffeur_id","data"]}
2025-09-04 12:42:34 [INFO] Préparation mise à jour position chauffeur {"key":"chauffeur:39","chauffeurId":"39","update":{"latitude":48.8566,"longitude":2.3522,"accuracy":"","speed":"","heading":"","en_ligne":"1","disponible":"0","en_course":"0","updated_at":1756986153861}}
2025-09-04 12:42:34 [INFO] Préparation mise à jour position chauffeur {"key":"chauffeur:39","chauffeurId":"39","update":{"latitude":48.8566,"longitude":2.3522,"accuracy":"","speed":"","heading":"","en_ligne":"1","disponible":"0","en_course":"0","updated_at":1756986153865}}
2025-09-04 12:42:34 [INFO] Préparation mise à jour position chauffeur {"key":"chauffeur:39","chauffeurId":"39","update":{"latitude":48.8566,"longitude":2.3522,"accuracy":"","speed":"","heading":"","en_ligne":"1","disponible":"0","en_course":"0","updated_at":1756986153867}}
2025-09-04 12:42:34 [INFO] Préparation mise à jour position chauffeur {"key":"chauffeur:39","chauffeurId":"39","update":{"latitude":48.8566,"longitude":2.3522,"accuracy":"","speed":"","heading":"","en_ligne":"1","disponible":"0","en_course":"0","updated_at":1756986153868}}
2025-09-04 12:42:34 [INFO] Préparation mise à jour position chauffeur {"key":"chauffeur:39","chauffeurId":"39","update":{"latitude":48.8566,"longitude":2.3522,"accuracy":"","speed":"","heading":"","en_ligne":"1","disponible":"0","en_course":"0","updated_at":1756986153869}}
2025-09-04 12:42:34 [INFO] Préparation mise à jour position chauffeur {"key":"chauffeur:39","chauffeurId":"39","update":{"latitude":48.8566,"longitude":2.3522,"accuracy":"","speed":"","heading":"","en_ligne":"1","disponible":"0","en_course":"0","updated_at":1756986153869}}
2025-09-04 12:42:34 [INFO] Préparation mise à jour position chauffeur {"key":"chauffeur:39","chauffeurId":"39","update":{"latitude":48.8566,"longitude":2.3522,"accuracy":"","speed":"","heading":"","en_ligne":"1","disponible":"0","en_course":"0","updated_at":1756986153870}}
2025-09-04 12:42:34 [INFO] Préparation mise à jour position chauffeur {"key":"chauffeur:39","chauffeurId":"39","update":{"latitude":48.8566,"longitude":2.3522,"accuracy":"","speed":"","heading":"","en_ligne":"1","disponible":"0","en_course":"0","updated_at":1756986153871}}
2025-09-04 12:42:34 [INFO] MQTT message reçu {"topic":"chauffeur/39/position","bytes":109}
2025-09-04 12:42:34 [INFO] MQTT message parsé {"topic":"chauffeur/39/position","type":"general_position","keys":["type","chauffeur_id","data"]}
2025-09-04 12:42:34 [INFO] MQTT message reçu {"topic":"chauffeur/39/position","bytes":109}
2025-09-04 12:42:34 [INFO] MQTT message parsé {"topic":"chauffeur/39/position","type":"general_position","keys":["type","chauffeur_id","data"]}
2025-09-04 12:42:34 [INFO] MQTT message reçu {"topic":"chauffeur/39/position","bytes":109}
2025-09-04 12:42:34 [INFO] MQTT message parsé {"topic":"chauffeur/39/position","type":"general_position","keys":["type","chauffeur_id","data"]}
2025-09-04 12:42:34 [INFO] MQTT message reçu {"topic":"chauffeur/39/position","bytes":109}
2025-09-04 12:42:34 [INFO] MQTT message parsé {"topic":"chauffeur/39/position","type":"general_position","keys":["type","chauffeur_id","data"]}
2025-09-04 12:42:34 [INFO] MQTT message reçu {"topic":"chauffeur/39/status","bytes":196}
2025-09-04 12:42:34 [INFO] MQTT message parsé {"topic":"chauffeur/39/status","type":null,"keys":["chauffeur_id","disponible","en_ligne","en_course","latitude","longitude"]}
2025-09-04 12:42:34 [INFO] Préparation mise à jour position chauffeur {"key":"chauffeur:39","chauffeurId":"39","update":{"latitude":48.8566,"longitude":2.3522,"accuracy":"","speed":"","heading":"","en_ligne":"1","disponible":"0","en_course":"0","updated_at":1756986154007}}
2025-09-04 12:42:34 [INFO] Mise à jour Redis position chauffeur effectuée {"key":"chauffeur:39","fields":["latitude","longitude","accuracy","speed","heading","en_ligne","disponible","en_course","updated_at"]}
2025-09-04 12:42:34 [INFO] Mise à jour Redis position chauffeur effectuée {"key":"chauffeur:39","fields":["latitude","longitude","accuracy","speed","heading","en_ligne","disponible","en_course","updated_at"]}
2025-09-04 12:42:34 [INFO] Mise à jour Redis position chauffeur effectuée {"key":"chauffeur:39","fields":["latitude","longitude","accuracy","speed","heading","en_ligne","disponible","en_course","updated_at"]}
2025-09-04 12:42:34 [INFO] Mise à jour Redis position chauffeur effectuée {"key":"chauffeur:39","fields":["latitude","longitude","accuracy","speed","heading","en_ligne","disponible","en_course","updated_at"]}
2025-09-04 12:42:34 [INFO] Mise à jour Redis position chauffeur effectuée {"key":"chauffeur:39","fields":["latitude","longitude","accuracy","speed","heading","en_ligne","disponible","en_course","updated_at"]}
2025-09-04 12:42:34 [INFO] MQTT message reçu {"topic":"chauffeur/39/position","bytes":109}
2025-09-04 12:42:34 [INFO] MQTT message parsé {"topic":"chauffeur/39/position","type":"general_position","keys":["type","chauffeur_id","data"]}
2025-09-04 12:42:34 [INFO] MQTT message reçu {"topic":"chauffeur/39/position","bytes":109}
2025-09-04 12:42:34 [INFO] MQTT message parsé {"topic":"chauffeur/39/position","type":"general_position","keys":["type","chauffeur_id","data"]}
2025-09-04 12:42:34 [INFO] MQTT message reçu {"topic":"chauffeur/39/position","bytes":109}
2025-09-04 12:42:34 [INFO] MQTT message parsé {"topic":"chauffeur/39/position","type":"general_position","keys":["type","chauffeur_id","data"]}
2025-09-04 12:42:34 [INFO] MQTT message reçu {"topic":"chauffeur/39/position","bytes":109}
2025-09-04 12:42:34 [INFO] MQTT message parsé {"topic":"chauffeur/39/position","type":"general_position","keys":["type","chauffeur_id","data"]}
2025-09-04 12:42:34 [INFO] MQTT message reçu {"topic":"chauffeur/39/position","bytes":109}
2025-09-04 12:42:34 [INFO] MQTT message parsé {"topic":"chauffeur/39/position","type":"general_position","keys":["type","chauffeur_id","data"]}
2025-09-04 12:42:34 [INFO] MQTT message reçu {"topic":"chauffeur/39/position","bytes":109}
2025-09-04 12:42:34 [INFO] MQTT message parsé {"topic":"chauffeur/39/position","type":"general_position","keys":["type","chauffeur_id","data"]}
2025-09-04 12:42:34 [INFO] MQTT message reçu {"topic":"chauffeur/39/position","bytes":109}
2025-09-04 12:42:34 [INFO] MQTT message parsé {"topic":"chauffeur/39/position","type":"general_position","keys":["type","chauffeur_id","data"]}
2025-09-04 12:42:34 [INFO] MQTT message reçu {"topic":"chauffeur/39/position","bytes":109}
2025-09-04 12:42:34 [INFO] MQTT message parsé {"topic":"chauffeur/39/position","type":"general_position","keys":["type","chauffeur_id","data"]}
2025-09-04 12:42:34 [INFO] MQTT message reçu {"topic":"chauffeur/39/position","bytes":109}
2025-09-04 12:42:34 [INFO] MQTT message parsé {"topic":"chauffeur/39/position","type":"general_position","keys":["type","chauffeur_id","data"]}
2025-09-04 12:42:34 [INFO] MQTT message reçu {"topic":"chauffeur/39/position","bytes":109}
2025-09-04 12:42:34 [INFO] MQTT message parsé {"topic":"chauffeur/39/position","type":"general_position","keys":["type","chauffeur_id","data"]}
2025-09-04 12:42:34 [INFO] Mise à jour Redis position chauffeur effectuée {"key":"chauffeur:39","fields":["latitude","longitude","accuracy","speed","heading","en_ligne","disponible","en_course","updated_at"]}
2025-09-04 12:42:34 [INFO] Mise à jour Redis position chauffeur effectuée {"key":"chauffeur:39","fields":["latitude","longitude","accuracy","speed","heading","en_ligne","disponible","en_course","updated_at"]}
2025-09-04 12:42:34 [INFO] Mise à jour Redis position chauffeur effectuée {"key":"chauffeur:39","fields":["latitude","longitude","accuracy","speed","heading","en_ligne","disponible","en_course","updated_at"]}
2025-09-04 12:42:34 [INFO] Mise à jour Redis position chauffeur effectuée {"key":"chauffeur:39","fields":["latitude","longitude","accuracy","speed","heading","en_ligne","disponible","en_course","updated_at"]}
2025-09-04 12:42:34 [INFO] Mise à jour Redis position chauffeur effectuée {"key":"chauffeur:39","fields":["latitude","longitude","accuracy","speed","heading","en_ligne","disponible","en_course","updated_at"]}
2025-09-04 12:42:34 [INFO] Mise à jour Redis position chauffeur effectuée {"key":"chauffeur:39","fields":["latitude","longitude","accuracy","speed","heading","en_ligne","disponible","en_course","updated_at"]}
2025-09-04 12:42:34 [INFO] Préparation mise à jour position chauffeur {"key":"chauffeur:39","chauffeurId":"39","update":{"latitude":48.8566,"longitude":2.3522,"accuracy":"","speed":"","heading":"","en_ligne":"1","disponible":"0","en_course":"0","updated_at":1756986154183}}
2025-09-04 12:42:34 [INFO] Préparation mise à jour position chauffeur {"key":"chauffeur:39","chauffeurId":"39","update":{"latitude":48.8566,"longitude":2.3522,"accuracy":"","speed":"","heading":"","en_ligne":"1","disponible":"0","en_course":"0","updated_at":1756986154184}}
2025-09-04 12:42:34 [INFO] Préparation mise à jour position chauffeur {"key":"chauffeur:39","chauffeurId":"39","update":{"latitude":48.8566,"longitude":2.3522,"accuracy":"","speed":"","heading":"","en_ligne":"1","disponible":"0","en_course":"0","updated_at":1756986154185}}
2025-09-04 12:42:34 [INFO] Préparation mise à jour position chauffeur {"key":"chauffeur:39","chauffeurId":"39","update":{"latitude":48.8566,"longitude":2.3522,"accuracy":"","speed":"","heading":"","en_ligne":"1","disponible":"0","en_course":"0","updated_at":1756986154185}}
2025-09-04 12:42:34 [INFO] Préparation mise à jour position chauffeur {"key":"chauffeur:39","chauffeurId":"39","update":{"latitude":48.8566,"longitude":2.3522,"accuracy":"","speed":"","heading":"","en_ligne":"1","disponible":"0","en_course":"0","updated_at":1756986154203}}
2025-09-04 12:42:34 [INFO] Préparation mise à jour position chauffeur {"key":"chauffeur:39","chauffeurId":"39","update":{"latitude":48.8566,"longitude":2.3522,"accuracy":"","speed":"","heading":"","en_ligne":"1","disponible":"0","en_course":"0","updated_at":1756986154205}}
2025-09-04 12:42:34 [INFO] Préparation mise à jour position chauffeur {"key":"chauffeur:39","chauffeurId":"39","update":{"latitude":48.8566,"longitude":2.3522,"accuracy":"","speed":"","heading":"","en_ligne":"1","disponible":"0","en_course":"0","updated_at":1756986154206}}
2025-09-04 12:42:34 [INFO] Préparation mise à jour position chauffeur {"key":"chauffeur:39","chauffeurId":"39","update":{"latitude":48.8566,"longitude":2.3522,"accuracy":"","speed":"","heading":"","en_ligne":"1","disponible":"0","en_course":"0","updated_at":1756986154208}}
2025-09-04 12:42:34 [INFO] MQTT message reçu {"topic":"chauffeur/39/status","bytes":196}
2025-09-04 12:42:34 [INFO] MQTT message parsé {"topic":"chauffeur/39/status","type":null,"keys":["chauffeur_id","disponible","en_ligne","en_course","latitude","longitude"]}
2025-09-04 12:42:34 [INFO] MQTT message reçu {"topic":"chauffeur/39/position","bytes":109}
2025-09-04 12:42:34 [INFO] MQTT message parsé {"topic":"chauffeur/39/position","type":"general_position","keys":["type","chauffeur_id","data"]}
2025-09-04 12:42:34 [INFO] MQTT message reçu {"topic":"chauffeur/39/position","bytes":109}
2025-09-04 12:42:34 [INFO] MQTT message parsé {"topic":"chauffeur/39/position","type":"general_position","keys":["type","chauffeur_id","data"]}
2025-09-04 12:42:34 [INFO] MQTT message reçu {"topic":"chauffeur/39/position","bytes":109}
2025-09-04 12:42:34 [INFO] MQTT message parsé {"topic":"chauffeur/39/position","type":"general_position","keys":["type","chauffeur_id","data"]}
2025-09-04 12:42:34 [INFO] MQTT message reçu {"topic":"chauffeur/39/position","bytes":109}
2025-09-04 12:42:34 [INFO] MQTT message parsé {"topic":"chauffeur/39/position","type":"general_position","keys":["type","chauffeur_id","data"]}
2025-09-04 12:42:34 [INFO] Préparation mise à jour position chauffeur {"key":"chauffeur:39","chauffeurId":"39","update":{"latitude":48.8566,"longitude":2.3522,"accuracy":"","speed":"","heading":"","en_ligne":"1","disponible":"0","en_course":"0","updated_at":1756986154353}}
2025-09-04 12:42:34 [INFO] Préparation mise à jour position chauffeur {"key":"chauffeur:39","chauffeurId":"39","update":{"latitude":48.8566,"longitude":2.3522,"accuracy":"","speed":"","heading":"","en_ligne":"1","disponible":"0","en_course":"0","updated_at":1756986154368}}
2025-09-04 12:42:34 [INFO] Préparation mise à jour position chauffeur {"key":"chauffeur:39","chauffeurId":"39","update":{"latitude":48.8566,"longitude":2.3522,"accuracy":"","speed":"","heading":"","en_ligne":"1","disponible":"0","en_course":"0","updated_at":1756986154369}}
2025-09-04 12:42:34 [INFO] Préparation mise à jour position chauffeur {"key":"chauffeur:39","chauffeurId":"39","update":{"latitude":48.8566,"longitude":2.3522,"accuracy":"","speed":"","heading":"","en_ligne":"1","disponible":"0","en_course":"0","updated_at":1756986154370}}
2025-09-04 12:42:34 [INFO] Préparation mise à jour position chauffeur {"key":"chauffeur:39","chauffeurId":"39","update":{"latitude":48.8566,"longitude":2.3522,"accuracy":"","speed":"","heading":"","en_ligne":"1","disponible":"0","en_course":"0","updated_at":1756986154371}}
2025-09-04 12:42:34 [INFO] Préparation mise à jour position chauffeur {"key":"chauffeur:39","chauffeurId":"39","update":{"latitude":48.8566,"longitude":2.3522,"accuracy":"","speed":"","heading":"","en_ligne":"1","disponible":"0","en_course":"0","updated_at":1756986154372}}
2025-09-04 12:42:34 [INFO] Mise à jour Redis position chauffeur effectuée {"key":"chauffeur:39","fields":["latitude","longitude","accuracy","speed","heading","en_ligne","disponible","en_course","updated_at"]}
2025-09-04 12:42:34 [INFO] Mise à jour Redis position chauffeur effectuée {"key":"chauffeur:39","fields":["latitude","longitude","accuracy","speed","heading","en_ligne","disponible","en_course","updated_at"]}
2025-09-04 12:42:34 [INFO] Mise à jour Redis position chauffeur effectuée {"key":"chauffeur:39","fields":["latitude","longitude","accuracy","speed","heading","en_ligne","disponible","en_course","updated_at"]}
2025-09-04 12:42:34 [INFO] Mise à jour Redis position chauffeur effectuée {"key":"chauffeur:39","fields":["latitude","longitude","accuracy","speed","heading","en_ligne","disponible","en_course","updated_at"]}
2025-09-04 12:42:34 [INFO] MQTT message reçu {"topic":"chauffeur/39/position","bytes":109}
2025-09-04 12:42:34 [INFO] MQTT message parsé {"topic":"chauffeur/39/position","type":"general_position","keys":["type","chauffeur_id","data"]}
2025-09-04 12:42:34 [INFO] MQTT message reçu {"topic":"chauffeur/39/position","bytes":109}
2025-09-04 12:42:34 [INFO] MQTT message parsé {"topic":"chauffeur/39/position","type":"general_position","keys":["type","chauffeur_id","data"]}
2025-09-04 12:42:34 [INFO] MQTT message reçu {"topic":"chauffeur/39/position","bytes":109}
2025-09-04 12:42:34 [INFO] MQTT message parsé {"topic":"chauffeur/39/position","type":"general_position","keys":["type","chauffeur_id","data"]}
2025-09-04 12:42:34 [INFO] Mise à jour Redis position chauffeur effectuée {"key":"chauffeur:39","fields":["latitude","longitude","accuracy","speed","heading","en_ligne","disponible","en_course","updated_at"]}
2025-09-04 12:42:34 [INFO] Mise à jour Redis position chauffeur effectuée {"key":"chauffeur:39","fields":["latitude","longitude","accuracy","speed","heading","en_ligne","disponible","en_course","updated_at"]}
2025-09-04 12:42:34 [INFO] Mise à jour Redis position chauffeur effectuée {"key":"chauffeur:39","fields":["latitude","longitude","accuracy","speed","heading","en_ligne","disponible","en_course","updated_at"]}
2025-09-04 12:42:34 [INFO] Mise à jour Redis position chauffeur effectuée {"key":"chauffeur:39","fields":["latitude","longitude","accuracy","speed","heading","en_ligne","disponible","en_course","updated_at"]}
2025-09-04 12:42:34 [INFO] MQTT message reçu {"topic":"chauffeur/39/position","bytes":109}
2025-09-04 12:42:34 [INFO] MQTT message parsé {"topic":"chauffeur/39/position","type":"general_position","keys":["type","chauffeur_id","data"]}
2025-09-04 12:42:34 [INFO] MQTT message reçu {"topic":"chauffeur/39/position","bytes":109}
2025-09-04 12:42:34 [INFO] MQTT message parsé {"topic":"chauffeur/39/position","type":"general_position","keys":["type","chauffeur_id","data"]}
2025-09-04 12:42:34 [INFO] MQTT message reçu {"topic":"chauffeur/39/position","bytes":109}
2025-09-04 12:42:34 [INFO] MQTT message parsé {"topic":"chauffeur/39/position","type":"general_position","keys":["type","chauffeur_id","data"]}
2025-09-04 12:42:34 [INFO] MQTT message reçu {"topic":"chauffeur/39/position","bytes":109}
2025-09-04 12:42:34 [INFO] MQTT message parsé {"topic":"chauffeur/39/position","type":"general_position","keys":["type","chauffeur_id","data"]}
2025-09-04 12:42:34 [INFO] MQTT message reçu {"topic":"chauffeur/39/position","bytes":109}
2025-09-04 12:42:34 [INFO] MQTT message parsé {"topic":"chauffeur/39/position","type":"general_position","keys":["type","chauffeur_id","data"]}
2025-09-04 12:42:34 [INFO] MQTT message reçu {"topic":"chauffeur/39/status","bytes":196}
2025-09-04 12:42:34 [INFO] MQTT message parsé {"topic":"chauffeur/39/status","type":null,"keys":["chauffeur_id","disponible","en_ligne","en_course","latitude","longitude"]}
2025-09-04 12:42:34 [INFO] Mise à jour Redis position chauffeur effectuée {"key":"chauffeur:39","fields":["latitude","longitude","accuracy","speed","heading","en_ligne","disponible","en_course","updated_at"]}
2025-09-04 12:42:34 [INFO] Préparation mise à jour position chauffeur {"key":"chauffeur:39","chauffeurId":"39","update":{"latitude":48.8566,"longitude":2.3522,"accuracy":"","speed":"","heading":"","en_ligne":"1","disponible":"0","en_course":"0","updated_at":1756986154509}}
2025-09-04 12:42:34 [INFO] Préparation mise à jour position chauffeur {"key":"chauffeur:39","chauffeurId":"39","update":{"latitude":48.8566,"longitude":2.3522,"accuracy":"","speed":"","heading":"","en_ligne":"1","disponible":"0","en_course":"0","updated_at":1756986154513}}
2025-09-04 12:42:34 [INFO] Préparation mise à jour position chauffeur {"key":"chauffeur:39","chauffeurId":"39","update":{"latitude":48.8566,"longitude":2.3522,"accuracy":"","speed":"","heading":"","en_ligne":"1","disponible":"0","en_course":"0","updated_at":1756986154514}}
2025-09-04 12:42:34 [INFO] Préparation mise à jour position chauffeur {"key":"chauffeur:39","chauffeurId":"39","update":{"latitude":48.8566,"longitude":2.3522,"accuracy":"","speed":"","heading":"","en_ligne":"1","disponible":"0","en_course":"0","updated_at":1756986154574}}
2025-09-04 12:42:34 [INFO] MQTT message reçu {"topic":"chauffeur/39/position","bytes":109}
2025-09-04 12:42:34 [INFO] MQTT message parsé {"topic":"chauffeur/39/position","type":"general_position","keys":["type","chauffeur_id","data"]}
2025-09-04 12:42:34 [INFO] Mise à jour Redis position chauffeur effectuée {"key":"chauffeur:39","fields":["latitude","longitude","accuracy","speed","heading","en_ligne","disponible","en_course","updated_at"]}
2025-09-04 12:42:34 [INFO] Mise à jour Redis position chauffeur effectuée {"key":"chauffeur:39","fields":["latitude","longitude","accuracy","speed","heading","en_ligne","disponible","en_course","updated_at"]}
2025-09-04 12:42:34 [INFO] Mise à jour Redis position chauffeur effectuée {"key":"chauffeur:39","fields":["latitude","longitude","accuracy","speed","heading","en_ligne","disponible","en_course","updated_at"]}
2025-09-04 12:42:34 [INFO] Préparation mise à jour position chauffeur {"key":"chauffeur:39","chauffeurId":"39","update":{"latitude":48.8566,"longitude":2.3522,"accuracy":"","speed":"","heading":"","en_ligne":"1","disponible":"0","en_course":"0","updated_at":1756986154667}}
2025-09-04 12:42:34 [INFO] Signal SIGINT reçu, arrêt en cours... 
